TN:
SF:server/controllers/accessProfile.js
FN:8,getAccessProfile
FN:31,getAll
FN:51,getGrid
FN:71,getOptionsAccessProfile
FN:91,createAccessProfile
FN:123,updateAccessProfile
FN:132,(anonymous_6)
FN:157,deleteAccessProfile
FNF:8
FNH:8
FNDA:2,getAccessProfile
FNDA:3,getAll
FNDA:3,getGrid
FNDA:2,getOptionsAccessProfile
FNDA:4,createAccessProfile
FNDA:3,updateAccessProfile
FNDA:6,(anonymous_6)
FNDA:2,deleteAccessProfile
DA:9,2
DA:11,2
DA:12,2
DA:16,1
DA:20,1
DA:23,1
DA:24,1
DA:27,1
DA:32,3
DA:34,3
DA:36,2
DA:40,2
DA:43,1
DA:44,1
DA:47,1
DA:52,3
DA:54,3
DA:56,2
DA:60,2
DA:63,1
DA:64,1
DA:67,1
DA:72,2
DA:74,2
DA:76,1
DA:80,1
DA:83,1
DA:84,1
DA:87,1
DA:92,4
DA:94,4
DA:95,4
DA:100,2
DA:105,2
DA:107,2
DA:108,1
DA:115,1
DA:116,1
DA:119,1
DA:124,3
DA:126,3
DA:131,3
DA:132,6
DA:135,3
DA:136,3
DA:141,2
DA:146,2
DA:149,1
DA:150,1
DA:153,1
DA:158,2
DA:160,2
DA:161,2
DA:165,1
DA:170,1
DA:173,1
DA:174,1
DA:177,1
LF:58
LH:58
BRDA:38,0,0,2
BRDA:38,0,1,1
BRDA:58,1,0,2
BRDA:58,1,1,1
BRDA:102,2,0,2
BRDA:102,2,1,2
BRDA:107,3,0,1
BRDA:107,3,1,1
BRDA:107,4,0,2
BRDA:107,4,1,1
BRDA:132,5,0,6
BRDA:132,5,1,1
BRF:12
BRH:12
end_of_record
TN:
SF:server/controllers/addressTransferWave.js
FN:16,getAddressTransferWave
FN:55,getAddressTransferWaveByBaptism
FN:92,(anonymous_2)
FN:124,getAllAddressTransferWaves
FN:132,(anonymous_4)
FN:162,getAddressTransferWaves
FN:170,(anonymous_6)
FN:200,functionCreateAddressTransferWave
FN:207,(anonymous_8)
FN:224,createAddressTransferWave
FN:258,cancelAddressTransferWave
FN:267,(anonymous_11)
FN:349,deleteAddressTransferWave
FNF:13
FNH:13
FNDA:2,getAddressTransferWave
FNDA:5,getAddressTransferWaveByBaptism
FNDA:2,(anonymous_2)
FNDA:2,getAllAddressTransferWaves
FNDA:2,(anonymous_4)
FNDA:2,getAddressTransferWaves
FNDA:2,(anonymous_6)
FNDA:2,functionCreateAddressTransferWave
FNDA:1,(anonymous_8)
FNDA:2,createAddressTransferWave
FNDA:3,cancelAddressTransferWave
FNDA:3,(anonymous_11)
FNDA:2,deleteAddressTransferWave
DA:14,2
DA:17,2
DA:19,2
DA:21,2
DA:28,1
DA:40,1
DA:44,1
DA:47,1
DA:48,1
DA:51,1
DA:56,5
DA:58,5
DA:60,5
DA:68,4
DA:69,3
DA:72,3
DA:76,3
DA:93,2
DA:102,3
DA:106,3
DA:108,1
DA:112,1
DA:116,1
DA:117,1
DA:120,1
DA:125,2
DA:127,2
DA:132,1
DA:133,2
DA:147,1
DA:151,1
DA:154,1
DA:155,1
DA:158,1
DA:163,2
DA:165,2
DA:170,1
DA:171,2
DA:185,1
DA:189,1
DA:192,1
DA:193,1
DA:196,1
DA:201,2
DA:203,2
DA:207,1
DA:208,1
DA:213,1
DA:218,1
DA:220,1
DA:225,2
DA:227,2
DA:239,2
DA:240,2
DA:243,1
DA:247,1
DA:250,1
DA:251,1
DA:254,1
DA:259,3
DA:261,3
DA:265,3
DA:267,3
DA:268,3
DA:275,3
DA:276,3
DA:278,3
DA:298,3
DA:311,3
DA:312,2
DA:324,2
DA:333,1
DA:341,2
DA:346,2
DA:350,2
DA:352,2
DA:354,2
DA:358,1
DA:362,1
DA:365,1
DA:366,1
DA:369,1
LF:82
LH:82
BRDA:68,0,0,3
BRDA:68,0,1,1
BRDA:69,1,0,0
BRDA:69,1,1,3
BRDA:72,2,0,2
BRDA:72,2,1,1
BRDA:81,3,0,2
BRDA:81,3,1,1
BRDA:84,4,0,3
BRDA:84,4,1,0
BRDA:90,5,0,1
BRDA:90,5,1,2
BRDA:90,6,0,3
BRDA:90,6,1,3
BRDA:276,7,0,3
BRDA:276,7,1,0
BRDA:276,8,0,3
BRDA:276,8,1,3
BRDA:278,9,0,0
BRDA:278,9,1,3
BRDA:304,10,0,3
BRDA:304,10,1,3
BRDA:311,11,0,2
BRDA:311,11,1,1
BRF:24
BRH:20
end_of_record
TN:
SF:server/controllers/addressTransferWaveProducts.js
FN:17,getAddressTransferWaveProducts
FN:57,getAllAddressTransferWaveProducts
FN:62,(anonymous_2)
FN:95,createAddressTransferWaveProducts
FN:152,(anonymous_4)
FN:188,executeAddressTransferWaveProduct
FN:363,transferAddressTransferWaveProducts
FN:418,(anonymous_7)
FN:497,(anonymous_8)
FN:531,updateAddressTransferWaveProducts
FN:554,(anonymous_10)
FN:583,getOptionsAddressTransferWaveProducts
FN:603,deleteAddressTransferWaveProducts
FN:614,(anonymous_13)
FN:643,(anonymous_14)
FNF:15
FNH:13
FNDA:2,getAddressTransferWaveProducts
FNDA:2,getAllAddressTransferWaveProducts
FNDA:1,(anonymous_2)
FNDA:4,createAddressTransferWaveProducts
FNDA:4,(anonymous_4)
FNDA:4,executeAddressTransferWaveProduct
FNDA:6,transferAddressTransferWaveProducts
FNDA:5,(anonymous_7)
FNDA:1,(anonymous_8)
FNDA:7,updateAddressTransferWaveProducts
FNDA:49,(anonymous_10)
FNDA:0,getOptionsAddressTransferWaveProducts
FNDA:4,deleteAddressTransferWaveProducts
FNDA:4,(anonymous_13)
FNDA:0,(anonymous_14)
DA:18,2
DA:20,2
DA:22,2
DA:28,1
DA:42,1
DA:46,1
DA:49,1
DA:50,1
DA:53,1
DA:58,2
DA:60,2
DA:62,1
DA:63,1
DA:80,1
DA:84,1
DA:87,1
DA:88,1
DA:91,1
DA:108,4
DA:110,4
DA:112,4
DA:114,4
DA:115,4
DA:116,2
DA:131,2
DA:134,2
DA:137,4
DA:152,4
DA:154,4
DA:159,1
DA:171,1
DA:176,1
DA:180,3
DA:181,3
DA:184,3
DA:207,4
DA:208,4
DA:209,4
DA:210,4
DA:211,3
DA:218,3
DA:219,3
DA:220,3
DA:238,3
DA:246,3
DA:247,0
DA:248,0
DA:254,0
DA:257,1
DA:259,0
DA:266,0
DA:267,0
DA:286,0
DA:293,1
DA:308,1
DA:315,4
DA:317,4
DA:324,4
DA:332,3
DA:340,2
DA:349,2
DA:354,0
DA:360,2
DA:375,6
DA:376,6
DA:378,6
DA:380,6
DA:386,6
DA:391,6
DA:396,6
DA:397,6
DA:399,6
DA:403,6
DA:404,6
DA:406,6
DA:411,5
DA:418,5
DA:419,5
DA:420,3
DA:425,3
DA:430,3
DA:450,1
DA:451,0
DA:455,1
DA:470,3
DA:471,3
DA:487,0
DA:490,3
DA:497,1
DA:498,1
DA:518,1
DA:522,2
DA:523,2
DA:527,2
DA:541,7
DA:543,7
DA:553,7
DA:555,49
DA:559,7
DA:561,7
DA:566,5
DA:571,5
DA:574,2
DA:575,2
DA:578,2
DA:584,0
DA:586,0
DA:588,0
DA:592,0
DA:595,0
DA:596,0
DA:599,0
DA:604,4
DA:606,4
DA:608,4
DA:614,4
DA:616,4
DA:621,3
DA:634,3
DA:641,2
DA:642,0
DA:643,0
DA:645,0
DA:646,0
DA:656,2
DA:662,2
DA:666,2
DA:670,2
DA:671,2
DA:674,2
LF:130
LH:109
BRDA:115,0,0,2
BRDA:115,0,1,2
BRDA:134,1,0,1
BRDA:134,1,1,1
BRDA:141,2,0,4
BRDA:141,2,1,0
BRDA:142,3,0,4
BRDA:142,3,1,0
BRDA:204,4,0,0
BRDA:205,5,0,4
BRDA:210,6,0,3
BRDA:210,6,1,1
BRDA:219,7,0,3
BRDA:219,7,1,0
BRDA:246,8,0,0
BRDA:246,8,1,3
BRDA:246,9,0,3
BRDA:246,9,1,3
BRDA:246,9,2,3
BRDA:257,10,0,0
BRDA:257,10,1,1
BRDA:266,11,0,0
BRDA:266,11,1,0
BRDA:315,12,0,4
BRDA:315,12,1,0
BRDA:343,13,0,1
BRDA:343,13,1,1
BRDA:399,14,0,6
BRDA:399,14,1,0
BRDA:406,15,0,5
BRDA:406,15,1,1
BRDA:420,16,0,2
BRDA:420,16,1,1
BRDA:441,17,0,2
BRDA:441,17,1,1
BRDA:450,18,0,0
BRDA:450,18,1,1
BRDA:555,19,0,49
BRDA:555,19,1,16
BRDA:641,20,0,0
BRDA:641,20,1,2
BRDA:643,21,0,0
BRDA:643,21,1,0
BRDA:645,22,0,0
BRDA:645,22,1,0
BRF:45
BRH:29
end_of_record
TN:
SF:server/controllers/agents.js
FN:29,(anonymous_0)
FN:31,(anonymous_1)
FN:36,get
FN:79,getGrid
FN:93,create
FN:117,update
FN:134,updateToken
FN:149,updateActive
FN:164,destroy
FN:181,download
FN:187,(anonymous_10)
FN:197,downloadInstaller
FN:203,(anonymous_12)
FNF:13
FNH:13
FNDA:8,(anonymous_0)
FNDA:4,(anonymous_1)
FNDA:4,get
FNDA:3,getGrid
FNDA:2,create
FNDA:2,update
FNDA:2,updateToken
FNDA:2,updateActive
FNDA:2,destroy
FNDA:3,download
FNDA:1,(anonymous_10)
FNDA:3,downloadInstaller
FNDA:1,(anonymous_12)
DA:13,7
DA:14,7
DA:18,7
DA:20,7
DA:21,7
DA:25,7
DA:29,8
DA:31,7
DA:32,4
DA:37,4
DA:39,4
DA:43,4
DA:45,4
DA:46,4
DA:50,3
DA:51,2
DA:62,3
DA:73,3
DA:75,1
DA:80,3
DA:81,3
DA:83,2
DA:87,2
DA:89,1
DA:94,2
DA:96,2
DA:97,2
DA:106,1
DA:111,1
DA:113,1
DA:118,2
DA:119,2
DA:121,2
DA:127,2
DA:128,1
DA:130,1
DA:135,2
DA:136,2
DA:138,2
DA:143,1
DA:145,1
DA:150,2
DA:151,2
DA:153,2
DA:158,1
DA:160,1
DA:165,2
DA:167,2
DA:168,2
DA:170,1
DA:175,1
DA:177,1
DA:182,3
DA:183,3
DA:184,2
DA:190,1
DA:193,1
DA:198,3
DA:199,3
DA:200,2
DA:206,1
DA:209,1
LF:62
LH:62
BRDA:39,0,0,4
BRDA:39,0,1,2
BRDA:50,1,0,2
BRDA:50,1,1,1
BRDA:64,2,0,2
BRDA:64,2,1,1
BRDA:85,3,0,2
BRDA:85,3,1,1
BRDA:108,4,0,1
BRDA:108,4,1,1
BRDA:183,5,0,2
BRDA:183,5,1,1
BRDA:199,6,0,2
BRDA:199,6,1,1
BRF:14
BRH:14
end_of_record
TN:
SF:server/controllers/approvalLevel.js
FN:10,getApprovalLevelList
FN:43,deleteApprovalLevel
FN:46,(anonymous_2)
FN:66,createApprovalLevel
FN:69,(anonymous_4)
FN:109,getApprovalLevelDetail
FN:136,getApprovalLevelUser
FN:167,createApprovalLevelUser
FN:189,deleteApprovalLevelUser
FN:204,updateApprovalLevel
FN:213,(anonymous_10)
FNF:11
FNH:11
FNDA:6,getApprovalLevelList
FNDA:4,deleteApprovalLevel
FNDA:4,(anonymous_2)
FNDA:6,createApprovalLevel
FNDA:6,(anonymous_4)
FNDA:4,getApprovalLevelDetail
FNDA:4,getApprovalLevelUser
FNDA:4,createApprovalLevelUser
FNDA:4,deleteApprovalLevelUser
FNDA:6,updateApprovalLevel
FNDA:24,(anonymous_10)
DA:11,6
DA:13,6
DA:17,4
DA:19,4
DA:20,4
DA:21,4
DA:32,4
DA:35,2
DA:36,2
DA:39,2
DA:44,4
DA:45,4
DA:46,4
DA:47,4
DA:50,2
DA:55,2
DA:58,2
DA:59,2
DA:62,2
DA:67,6
DA:68,6
DA:69,6
DA:70,6
DA:81,4
DA:82,2
DA:83,2
DA:84,2
DA:97,4
DA:101,2
DA:102,2
DA:105,2
DA:110,4
DA:111,4
DA:112,4
DA:118,2
DA:125,2
DA:128,2
DA:129,2
DA:132,2
DA:137,4
DA:138,4
DA:140,4
DA:143,2
DA:145,2
DA:146,2
DA:147,2
DA:156,2
DA:159,2
DA:160,2
DA:163,2
DA:168,4
DA:169,4
DA:170,4
DA:178,2
DA:181,2
DA:182,2
DA:185,2
DA:190,4
DA:191,4
DA:192,4
DA:193,2
DA:196,2
DA:197,2
DA:200,2
DA:205,6
DA:206,6
DA:212,6
DA:213,24
DA:216,6
DA:217,6
DA:221,4
DA:224,2
DA:225,2
DA:228,2
LF:74
LH:74
BRDA:24,0,0,2
BRDA:24,0,1,2
BRDA:28,1,0,2
BRDA:28,1,1,2
BRDA:67,2,0,4
BRDA:67,3,0,4
BRDA:81,4,0,2
BRDA:81,4,1,2
BRDA:81,5,0,4
BRDA:81,5,1,4
BRDA:213,6,0,24
BRDA:213,6,1,8
BRF:12
BRH:12
end_of_record
TN:
SF:server/controllers/averageCosts.js
FN:3,getAverageCost
FN:48,getAllAverageCosts
FN:60,(anonymous_2)
FNF:3
FNH:0
FNDA:0,getAverageCost
FNDA:0,getAllAverageCosts
FNDA:0,(anonymous_2)
DA:4,0
DA:6,0
DA:7,0
DA:14,0
DA:33,0
DA:37,0
DA:40,0
DA:41,0
DA:44,0
DA:49,0
DA:50,0
DA:52,0
DA:60,0
DA:61,0
DA:85,0
DA:93,0
DA:96,0
DA:97,0
DA:100,0
LF:19
LH:0
BRDA:17,0,0,0
BRDA:17,0,1,0
BRDA:21,1,0,0
BRDA:21,1,1,0
BRDA:25,2,0,0
BRDA:25,2,1,0
BRDA:50,3,0,0
BRDA:64,4,0,0
BRDA:64,4,1,0
BRDA:68,5,0,0
BRDA:68,5,1,0
BRDA:72,6,0,0
BRDA:72,6,1,0
BRDA:75,7,0,0
BRDA:75,7,1,0
BRDA:77,8,0,0
BRDA:77,8,1,0
BRF:17
BRH:0
end_of_record
TN:
SF:server/controllers/baptism.js
FN:10,getBaptismInfo
FN:50,getBaptism
FN:75,createBaptism
FN:115,getBaptismItems
FN:136,(anonymous_4)
FN:154,(anonymous_5)
FNF:6
FNH:6
FNDA:4,getBaptismInfo
FNDA:2,getBaptism
FNDA:3,createBaptism
FNDA:5,getBaptismItems
FNDA:2,(anonymous_4)
FNDA:2,(anonymous_5)
DA:11,4
DA:13,4
DA:14,4
DA:15,3
DA:16,3
DA:17,3
DA:19,3
DA:23,3
DA:27,3
DA:29,3
DA:42,1
DA:43,1
DA:46,1
DA:51,2
DA:52,2
DA:54,2
DA:60,1
DA:64,1
DA:67,1
DA:68,1
DA:71,1
DA:76,3
DA:77,3
DA:79,3
DA:83,3
DA:85,3
DA:86,3
DA:88,3
DA:89,3
DA:90,21
DA:99,3
DA:101,2
DA:107,1
DA:108,1
DA:111,1
DA:116,5
DA:118,5
DA:119,5
DA:120,4
DA:121,4
DA:126,4
DA:128,4
DA:129,2
DA:136,2
DA:145,2
DA:146,2
DA:154,2
DA:195,4
DA:201,1
DA:202,1
LF:50
LH:50
BRDA:27,0,0,3
BRDA:27,0,1,3
BRDA:37,1,0,3
BRDA:37,1,1,1
BRDA:83,2,0,3
BRDA:83,2,1,2
BRDA:128,3,0,2
BRDA:128,3,1,2
BRDA:139,4,0,1
BRDA:139,4,1,1
BRDA:139,5,0,2
BRDA:139,5,1,1
BRDA:143,6,0,1
BRDA:143,6,1,1
BRDA:143,7,0,2
BRDA:143,7,1,1
BRDA:145,8,0,2
BRDA:145,8,1,0
BRDA:155,9,0,2
BRDA:155,9,1,1
BRDA:157,10,0,1
BRDA:157,10,1,1
BRDA:157,11,0,2
BRDA:157,11,1,1
BRDA:161,12,0,1
BRDA:161,12,1,1
BRDA:161,13,0,2
BRDA:161,13,1,1
BRDA:165,14,0,1
BRDA:165,14,1,1
BRDA:165,15,0,2
BRDA:165,15,1,1
BRDA:167,16,0,1
BRDA:167,16,1,1
BRDA:167,17,0,2
BRDA:167,17,1,1
BRDA:170,18,0,2
BRDA:170,18,1,1
BRDA:171,19,0,2
BRDA:171,19,1,1
BRDA:172,20,0,2
BRDA:172,20,1,1
BRDA:174,21,0,1
BRDA:174,21,1,1
BRDA:174,22,0,2
BRDA:174,22,1,1
BRDA:178,23,0,1
BRDA:178,23,1,1
BRDA:178,24,0,2
BRDA:178,24,1,1
BRDA:182,25,0,1
BRDA:182,25,1,1
BRDA:182,26,0,2
BRDA:182,26,1,1
BRDA:182,26,2,1
BRDA:188,27,0,2
BRDA:188,27,1,0
BRDA:188,28,0,2
BRDA:188,28,1,2
BRDA:191,29,0,2
BRDA:191,29,1,1
BRF:61
BRH:59
end_of_record
TN:
SF:server/controllers/beeStock.js
FN:27,doLogin
FN:28,(anonymous_1)
FN:41,importUsers
FN:69,importBranches
FN:97,importCustomers
FN:125,importSuppliers
FN:153,importCarriers
FN:181,importStorageAddresses
FN:213,importRanges
FN:241,importPackages
FN:269,importMaterialFamilies
FN:300,importProducts
FN:328,importUnitsMeasure
FN:359,importAverageCosts
FN:390,importCustomerProducts
FN:424,importInboundOrders
FN:458,importProductEans
FN:489,importProductBranches
FN:523,importInventoriesErp
FN:557,importOutboundOrders
FN:591,importFinishOutboundOrders
FN:625,importBalances
FN:653,importInboundDocuments
FN:684,importBillingReturn
FN:718,importProductionOrders
FN:752,importMovementStockKanban
FN:786,importSerialGroups
FN:817,importSerialGroupsApprove
FN:848,importSerialLabelAndGroups
FNF:29
FNH:29
FNDA:2,doLogin
FNDA:2,(anonymous_1)
FNDA:3,importUsers
FNDA:3,importBranches
FNDA:3,importCustomers
FNDA:3,importSuppliers
FNDA:3,importCarriers
FNDA:3,importStorageAddresses
FNDA:3,importRanges
FNDA:3,importPackages
FNDA:3,importMaterialFamilies
FNDA:3,importProducts
FNDA:3,importUnitsMeasure
FNDA:3,importAverageCosts
FNDA:3,importCustomerProducts
FNDA:3,importInboundOrders
FNDA:3,importProductEans
FNDA:3,importProductBranches
FNDA:3,importInventoriesErp
FNDA:3,importOutboundOrders
FNDA:3,importFinishOutboundOrders
FNDA:3,importBalances
FNDA:3,importInboundDocuments
FNDA:3,importBillingReturn
FNDA:3,importProductionOrders
FNDA:3,importMovementStockKanban
FNDA:3,importSerialGroups
FNDA:3,importSerialGroupsApprove
FNDA:3,importSerialLabelAndGroups
DA:28,2
DA:29,2
DA:30,1
DA:34,1
DA:36,1
DA:42,3
DA:44,3
DA:45,3
DA:47,2
DA:48,1
DA:52,1
DA:54,1
DA:57,1
DA:61,1
DA:62,1
DA:65,1
DA:70,3
DA:72,3
DA:73,3
DA:75,2
DA:76,1
DA:80,1
DA:82,1
DA:85,1
DA:89,1
DA:90,1
DA:93,1
DA:98,3
DA:100,3
DA:101,3
DA:103,2
DA:104,1
DA:108,1
DA:110,1
DA:113,1
DA:117,1
DA:118,1
DA:121,1
DA:126,3
DA:128,3
DA:129,3
DA:131,2
DA:132,1
DA:136,1
DA:138,1
DA:141,1
DA:145,1
DA:146,1
DA:149,1
DA:154,3
DA:156,3
DA:157,3
DA:159,2
DA:160,1
DA:164,1
DA:166,1
DA:169,1
DA:173,1
DA:174,1
DA:177,1
DA:182,3
DA:184,3
DA:185,3
DA:191,2
DA:192,1
DA:196,1
DA:198,1
DA:201,1
DA:205,1
DA:206,1
DA:209,1
DA:214,3
DA:216,3
DA:217,3
DA:219,2
DA:220,1
DA:224,1
DA:226,1
DA:229,1
DA:233,1
DA:234,1
DA:237,1
DA:242,3
DA:244,3
DA:245,3
DA:247,2
DA:248,1
DA:252,1
DA:254,1
DA:257,1
DA:261,1
DA:262,1
DA:265,1
DA:270,3
DA:272,3
DA:273,3
DA:278,2
DA:279,1
DA:283,1
DA:285,1
DA:288,1
DA:292,1
DA:293,1
DA:296,1
DA:301,3
DA:303,3
DA:304,3
DA:306,2
DA:307,1
DA:311,1
DA:313,1
DA:316,1
DA:320,1
DA:321,1
DA:324,1
DA:329,3
DA:331,3
DA:332,3
DA:337,2
DA:338,1
DA:342,1
DA:344,1
DA:347,1
DA:351,1
DA:352,1
DA:355,1
DA:360,3
DA:362,3
DA:363,3
DA:368,2
DA:369,1
DA:373,1
DA:375,1
DA:378,1
DA:382,1
DA:383,1
DA:386,1
DA:391,3
DA:393,3
DA:394,3
DA:399,2
DA:403,1
DA:407,1
DA:409,1
DA:412,1
DA:416,1
DA:417,1
DA:420,1
DA:425,3
DA:427,3
DA:428,3
DA:433,2
DA:437,1
DA:441,1
DA:443,1
DA:446,1
DA:450,1
DA:451,1
DA:454,1
DA:459,3
DA:461,3
DA:462,3
DA:467,2
DA:468,1
DA:472,1
DA:474,1
DA:477,1
DA:481,1
DA:482,1
DA:485,1
DA:490,3
DA:492,3
DA:493,3
DA:498,2
DA:502,1
DA:506,1
DA:508,1
DA:511,1
DA:515,1
DA:516,1
DA:519,1
DA:524,3
DA:526,3
DA:527,3
DA:532,2
DA:536,1
DA:540,1
DA:542,1
DA:545,1
DA:549,1
DA:550,1
DA:553,1
DA:558,3
DA:560,3
DA:561,3
DA:566,2
DA:570,1
DA:574,1
DA:576,1
DA:579,1
DA:583,1
DA:584,1
DA:587,1
DA:592,3
DA:594,3
DA:595,3
DA:600,2
DA:604,1
DA:608,1
DA:610,1
DA:613,1
DA:617,1
DA:618,1
DA:621,1
DA:626,3
DA:628,3
DA:629,3
DA:631,2
DA:632,1
DA:636,1
DA:638,1
DA:641,1
DA:645,1
DA:646,1
DA:649,1
DA:654,3
DA:656,3
DA:657,3
DA:662,2
DA:663,1
DA:667,1
DA:669,1
DA:672,1
DA:676,1
DA:677,1
DA:680,1
DA:685,3
DA:687,3
DA:688,3
DA:693,2
DA:697,1
DA:701,1
DA:703,1
DA:706,1
DA:710,1
DA:711,1
DA:714,1
DA:719,3
DA:721,3
DA:722,3
DA:727,2
DA:731,1
DA:735,1
DA:737,1
DA:740,1
DA:744,1
DA:745,1
DA:748,1
DA:753,3
DA:755,3
DA:756,3
DA:761,2
DA:765,1
DA:769,1
DA:771,1
DA:774,1
DA:778,1
DA:779,1
DA:782,1
DA:787,3
DA:789,3
DA:790,3
DA:795,2
DA:796,1
DA:800,1
DA:802,1
DA:805,1
DA:809,1
DA:810,1
DA:813,1
DA:818,3
DA:820,3
DA:821,3
DA:826,2
DA:827,1
DA:831,1
DA:833,1
DA:836,1
DA:840,1
DA:841,1
DA:844,1
DA:849,3
DA:851,3
DA:852,3
DA:857,2
DA:858,1
DA:862,1
DA:864,1
DA:867,1
DA:871,1
DA:872,1
DA:875,1
LF:302
LH:302
BRDA:29,0,0,1
BRDA:29,0,1,1
BRDA:47,1,0,1
BRDA:47,1,1,1
BRDA:47,2,0,2
BRDA:47,2,1,1
BRDA:75,3,0,1
BRDA:75,3,1,1
BRDA:75,4,0,2
BRDA:75,4,1,1
BRDA:103,5,0,1
BRDA:103,5,1,1
BRDA:103,6,0,2
BRDA:103,6,1,1
BRDA:131,7,0,1
BRDA:131,7,1,1
BRDA:131,8,0,2
BRDA:131,8,1,1
BRDA:159,9,0,1
BRDA:159,9,1,1
BRDA:159,10,0,2
BRDA:159,10,1,1
BRDA:191,11,0,1
BRDA:191,11,1,1
BRDA:191,12,0,2
BRDA:191,12,1,1
BRDA:219,13,0,1
BRDA:219,13,1,1
BRDA:219,14,0,2
BRDA:219,14,1,1
BRDA:247,15,0,1
BRDA:247,15,1,1
BRDA:247,16,0,2
BRDA:247,16,1,1
BRDA:278,17,0,1
BRDA:278,17,1,1
BRDA:278,18,0,2
BRDA:278,18,1,1
BRDA:306,19,0,1
BRDA:306,19,1,1
BRDA:306,20,0,2
BRDA:306,20,1,1
BRDA:337,21,0,1
BRDA:337,21,1,1
BRDA:337,22,0,2
BRDA:337,22,1,1
BRDA:368,23,0,1
BRDA:368,23,1,1
BRDA:368,24,0,2
BRDA:368,24,1,1
BRDA:399,25,0,1
BRDA:399,25,1,1
BRDA:400,26,0,2
BRDA:400,26,1,1
BRDA:433,27,0,1
BRDA:433,27,1,1
BRDA:434,28,0,2
BRDA:434,28,1,1
BRDA:467,29,0,1
BRDA:467,29,1,1
BRDA:467,30,0,2
BRDA:467,30,1,1
BRDA:498,31,0,1
BRDA:498,31,1,1
BRDA:499,32,0,2
BRDA:499,32,1,1
BRDA:532,33,0,1
BRDA:532,33,1,1
BRDA:533,34,0,2
BRDA:533,34,1,1
BRDA:566,35,0,1
BRDA:566,35,1,1
BRDA:567,36,0,2
BRDA:567,36,1,1
BRDA:600,37,0,1
BRDA:600,37,1,1
BRDA:601,38,0,2
BRDA:601,38,1,1
BRDA:631,39,0,1
BRDA:631,39,1,1
BRDA:631,40,0,2
BRDA:631,40,1,1
BRDA:662,41,0,1
BRDA:662,41,1,1
BRDA:662,42,0,2
BRDA:662,42,1,1
BRDA:693,43,0,1
BRDA:693,43,1,1
BRDA:694,44,0,2
BRDA:694,44,1,1
BRDA:727,45,0,1
BRDA:727,45,1,1
BRDA:728,46,0,2
BRDA:728,46,1,1
BRDA:761,47,0,1
BRDA:761,47,1,1
BRDA:762,48,0,2
BRDA:762,48,1,1
BRDA:795,49,0,1
BRDA:795,49,1,1
BRDA:795,50,0,2
BRDA:795,50,1,1
BRDA:826,51,0,1
BRDA:826,51,1,1
BRDA:826,52,0,2
BRDA:826,52,1,1
BRDA:857,53,0,1
BRDA:857,53,1,1
BRDA:857,54,0,2
BRDA:857,54,1,1
BRF:110
BRH:110
end_of_record
TN:
SF:server/controllers/beetranslate.js
FN:13,getTranslations
FN:15,(anonymous_1)
FN:60,(anonymous_2)
FN:99,updateTranslate
FNF:4
FNH:4
FNDA:7,getTranslations
FNDA:7,(anonymous_1)
FNDA:1,(anonymous_2)
FNDA:1,updateTranslate
DA:14,7
DA:15,7
DA:16,7
DA:19,6
DA:21,6
DA:23,6
DA:24,2
DA:27,6
DA:29,6
DA:33,6
DA:35,5
DA:36,5
DA:40,5
DA:41,1
DA:47,4
DA:48,1
DA:60,1
DA:61,1
DA:70,6
DA:71,2
DA:74,6
DA:75,2
DA:83,4
DA:91,6
DA:95,1
DA:100,1
DA:101,1
LF:27
LH:27
BRDA:23,0,0,2
BRDA:23,0,1,4
BRDA:30,1,0,6
BRDA:30,1,1,1
BRDA:33,2,0,5
BRDA:33,2,1,1
BRDA:40,3,0,1
BRDA:40,3,1,4
BRDA:47,4,0,1
BRDA:47,4,1,3
BRDA:70,5,0,2
BRDA:70,5,1,4
BRDA:74,6,0,2
BRDA:74,6,1,4
BRF:14
BRH:14
end_of_record
TN:
SF:server/controllers/branches.js
FN:8,getBranch
FN:143,getAllBranches
FN:149,(anonymous_2)
FN:231,createBranch
FN:384,updateBranch
FN:514,(anonymous_5)
FN:536,getOptionsBranches
FN:558,getOptionsBranchesAndDeposits
FN:571,(anonymous_8)
FN:592,getSuggestionsBranches
FN:613,deleteBranch
FN:633,optionsBranches
FNF:12
FNH:12
FNDA:3,getBranch
FNDA:3,getAllBranches
FNDA:2,(anonymous_2)
FNDA:4,createBranch
FNDA:2,updateBranch
FNDA:122,(anonymous_5)
FNDA:2,getOptionsBranches
FNDA:3,getOptionsBranchesAndDeposits
FNDA:1,(anonymous_8)
FNDA:2,getSuggestionsBranches
FNDA:2,deleteBranch
FNDA:2,optionsBranches
DA:9,3
DA:11,3
DA:12,3
DA:16,2
DA:128,2
DA:132,2
DA:135,1
DA:136,1
DA:139,1
DA:144,3
DA:145,3
DA:149,2
DA:150,2
DA:216,2
DA:220,2
DA:223,1
DA:224,1
DA:227,1
DA:293,4
DA:295,4
DA:360,4
DA:361,4
DA:362,3
DA:368,3
DA:373,3
DA:376,1
DA:377,1
DA:380,1
DA:447,2
DA:449,2
DA:513,2
DA:514,122
DA:517,2
DA:518,2
DA:520,1
DA:525,1
DA:528,1
DA:529,1
DA:532,1
DA:537,2
DA:538,2
DA:542,1
DA:547,1
DA:550,1
DA:551,1
DA:554,1
DA:559,3
DA:560,3
DA:562,3
DA:566,2
DA:570,2
DA:571,1
DA:572,1
DA:576,2
DA:581,2
DA:584,1
DA:585,1
DA:588,1
DA:593,2
DA:594,2
DA:598,1
DA:602,1
DA:605,1
DA:606,1
DA:609,1
DA:614,2
DA:615,2
DA:616,2
DA:618,1
DA:622,1
DA:625,1
DA:626,1
DA:629,1
DA:634,2
DA:635,2
DA:638,1
DA:640,1
DA:641,1
DA:646,1
DA:649,1
DA:650,1
DA:653,1
LF:82
LH:82
BRDA:23,0,0,1
BRDA:23,0,1,1
BRDA:48,1,0,1
BRDA:48,1,1,1
BRDA:52,2,0,1
BRDA:52,2,1,1
BRDA:56,3,0,1
BRDA:56,3,1,1
BRDA:60,4,0,1
BRDA:60,4,1,1
BRDA:64,5,0,1
BRDA:64,5,1,1
BRDA:68,6,0,0
BRDA:68,6,1,2
BRDA:72,7,0,1
BRDA:72,7,1,1
BRDA:76,8,0,1
BRDA:76,8,1,1
BRDA:80,9,0,1
BRDA:80,9,1,1
BRDA:84,10,0,1
BRDA:84,10,1,1
BRDA:88,11,0,1
BRDA:88,11,1,1
BRDA:92,12,0,1
BRDA:92,12,1,1
BRDA:96,13,0,1
BRDA:96,13,1,1
BRDA:111,14,0,1
BRDA:111,14,1,1
BRDA:156,15,0,1
BRDA:156,15,1,1
BRDA:178,16,0,2
BRDA:178,16,1,1
BRDA:186,17,0,0
BRDA:186,17,1,2
BRDA:356,18,0,4
BRDA:356,18,1,1
BRDA:357,19,0,4
BRDA:357,19,1,1
BRDA:364,20,0,3
BRDA:364,20,1,1
BRDA:365,21,0,3
BRDA:365,21,1,1
BRDA:514,22,0,122
BRDA:514,22,1,16
BRDA:514,22,2,16
BRDA:570,23,0,1
BRDA:570,23,1,1
BRDA:570,24,0,2
BRDA:570,24,1,2
BRF:51
BRH:49
end_of_record
TN:
SF:server/controllers/branchesSettings.js
FN:6,getBranchSettings
FN:55,getAllBranchesSettings
FN:62,(anonymous_2)
FN:91,updateBranchSettings
FN:131,(anonymous_4)
FNF:5
FNH:5
FNDA:2,getBranchSettings
FNDA:2,getAllBranchesSettings
FNDA:1,(anonymous_2)
FNDA:3,updateBranchSettings
FNDA:27,(anonymous_4)
DA:7,2
DA:9,2
DA:10,2
DA:14,1
DA:21,1
DA:40,1
DA:44,1
DA:47,1
DA:48,1
DA:51,1
DA:56,2
DA:58,2
DA:62,1
DA:76,1
DA:80,1
DA:83,1
DA:84,1
DA:87,1
DA:92,3
DA:106,3
DA:109,3
DA:113,2
DA:130,2
DA:131,27
DA:136,2
DA:137,1
DA:141,1
DA:147,2
DA:152,2
DA:155,1
DA:156,1
DA:159,1
LF:32
LH:32
BRDA:127,0,0,1
BRDA:127,0,1,1
BRDA:131,1,0,27
BRDA:131,1,1,5
BRDA:136,2,0,1
BRDA:136,2,1,1
BRF:6
BRH:6
end_of_record
TN:
SF:server/controllers/cableCuts.js
FN:37,getProductsToCableCutPlan
FN:65,cutsMonitoList
FN:148,getCableCutProductList
FN:155,(anonymous_3)
FN:240,deleteCableCut
FN:243,(anonymous_5)
FN:297,finishCableCut
FN:310,(anonymous_7)
FN:430,(anonymous_8)
FN:432,(anonymous_9)
FN:433,(anonymous_10)
FN:435,(anonymous_11)
FN:436,(anonymous_12)
FN:437,(anonymous_13)
FN:438,(anonymous_14)
FN:439,(anonymous_15)
FN:644,userChangeCutResponsible
FN:648,(anonymous_17)
FN:679,getCableCuts
FN:706,(anonymous_19)
FN:720,(anonymous_20)
FN:725,(anonymous_21)
FN:759,saveUserFinished
FN:785,createCableCutPlan
FN:789,(anonymous_24)
FN:800,(anonymous_25)
FN:839,(anonymous_26)
FN:920,changeProductAllocation
FN:925,(anonymous_28)
FNF:29
FNH:29
FNDA:3,getProductsToCableCutPlan
FNDA:3,cutsMonitoList
FNDA:3,getCableCutProductList
FNDA:2,(anonymous_3)
FNDA:5,deleteCableCut
FNDA:4,(anonymous_5)
FNDA:12,finishCableCut
FNDA:12,(anonymous_7)
FNDA:11,(anonymous_8)
FNDA:11,(anonymous_9)
FNDA:11,(anonymous_10)
FNDA:11,(anonymous_11)
FNDA:11,(anonymous_12)
FNDA:11,(anonymous_13)
FNDA:11,(anonymous_14)
FNDA:11,(anonymous_15)
FNDA:2,userChangeCutResponsible
FNDA:1,(anonymous_17)
FNDA:9,getCableCuts
FNDA:10,(anonymous_19)
FNDA:15,(anonymous_20)
FNDA:10,(anonymous_21)
FNDA:2,saveUserFinished
FNDA:5,createCableCutPlan
FNDA:4,(anonymous_24)
FNDA:4,(anonymous_25)
FNDA:4,(anonymous_26)
FNDA:3,changeProductAllocation
FNDA:3,(anonymous_28)
DA:35,3
DA:38,3
DA:40,3
DA:41,3
DA:45,2
DA:50,2
DA:54,2
DA:57,1
DA:58,1
DA:61,1
DA:66,3
DA:74,3
DA:76,3
DA:85,2
DA:87,2
DA:88,2
DA:89,2
DA:128,2
DA:137,2
DA:140,1
DA:141,1
DA:144,1
DA:149,3
DA:150,3
DA:152,3
DA:155,2
DA:156,2
DA:224,2
DA:229,2
DA:232,1
DA:233,1
DA:236,1
DA:241,5
DA:242,5
DA:243,5
DA:244,4
DA:245,2
DA:251,2
DA:258,2
DA:259,1
DA:266,2
DA:270,2
DA:271,1
DA:272,1
DA:278,2
DA:284,4
DA:285,4
DA:289,1
DA:290,1
DA:293,1
DA:304,12
DA:306,12
DA:307,12
DA:309,12
DA:310,12
DA:311,12
DA:313,12
DA:326,12
DA:333,12
DA:334,11
DA:336,1
DA:340,11
DA:348,11
DA:349,1
DA:362,11
DA:366,11
DA:372,11
DA:376,11
DA:380,11
DA:387,11
DA:405,11
DA:412,11
DA:420,11
DA:430,11
DA:432,11
DA:433,11
DA:435,11
DA:436,11
DA:437,11
DA:438,11
DA:439,11
DA:441,11
DA:442,2
DA:443,9
DA:444,1
DA:445,8
DA:446,2
DA:447,6
DA:448,1
DA:449,5
DA:450,1
DA:451,4
DA:452,1
DA:453,3
DA:454,1
DA:455,2
DA:456,1
DA:458,1
DA:461,11
DA:476,11
DA:488,11
DA:490,8
DA:497,8
DA:531,11
DA:540,11
DA:547,11
DA:551,11
DA:553,11
DA:554,8
DA:555,1
DA:556,3
DA:557,1
DA:559,11
DA:577,11
DA:582,11
DA:596,11
DA:597,11
DA:604,1
DA:605,1
DA:608,10
DA:615,10
DA:616,9
DA:617,9
DA:626,9
DA:630,10
DA:633,10
DA:636,2
DA:637,2
DA:640,2
DA:645,2
DA:647,2
DA:648,2
DA:649,1
DA:658,1
DA:667,1
DA:668,1
DA:671,1
DA:672,1
DA:675,1
DA:680,9
DA:682,9
DA:684,9
DA:694,9
DA:698,9
DA:706,8
DA:707,10
DA:709,10
DA:710,10
DA:711,10
DA:713,10
DA:720,15
DA:726,10
DA:727,1
DA:729,9
DA:730,6
DA:732,3
DA:739,8
DA:748,8
DA:751,1
DA:752,1
DA:755,1
DA:760,2
DA:761,2
DA:762,2
DA:763,1
DA:767,1
DA:768,1
DA:770,1
DA:777,1
DA:778,1
DA:781,1
DA:786,5
DA:788,5
DA:789,5
DA:791,4
DA:798,2
DA:800,2
DA:801,4
DA:802,4
DA:804,4
DA:805,2
DA:811,2
DA:814,4
DA:817,2
DA:818,2
DA:821,2
DA:822,2
DA:824,2
DA:837,2
DA:838,2
DA:839,4
DA:842,2
DA:844,4
DA:850,4
DA:859,4
DA:870,4
DA:877,4
DA:906,2
DA:909,2
DA:912,3
DA:913,3
DA:916,3
DA:921,3
DA:923,3
DA:924,3
DA:925,3
DA:927,3
DA:935,3
DA:936,3
DA:941,3
DA:948,3
DA:949,3
DA:956,3
DA:964,3
DA:972,3
DA:980,3
DA:981,1
DA:988,2
DA:989,2
DA:998,2
DA:1001,1
DA:1002,1
DA:1005,1
LF:223
LH:223
BRDA:38,0,0,2
BRDA:69,1,0,2
BRDA:93,2,0,1
BRDA:93,2,1,1
BRDA:93,3,0,2
BRDA:93,3,1,2
BRDA:93,3,2,1
BRDA:100,4,0,1
BRDA:100,4,1,1
BRDA:100,5,0,2
BRDA:100,5,1,2
BRDA:100,5,2,1
BRDA:105,6,0,1
BRDA:105,6,1,1
BRDA:109,7,0,1
BRDA:109,7,1,1
BRDA:109,8,0,2
BRDA:109,8,1,2
BRDA:109,8,2,2
BRDA:115,9,0,1
BRDA:115,9,1,1
BRDA:115,10,0,2
BRDA:115,10,1,2
BRDA:115,10,2,2
BRDA:120,11,0,1
BRDA:120,11,1,1
BRDA:121,12,0,1
BRDA:121,12,1,1
BRDA:123,13,0,1
BRDA:123,13,1,1
BRDA:123,14,0,2
BRDA:123,14,1,1
BRDA:157,15,0,1
BRDA:157,15,1,1
BRDA:158,16,0,1
BRDA:158,16,1,1
BRDA:160,17,0,1
BRDA:160,17,1,1
BRDA:160,18,0,2
BRDA:160,18,1,2
BRDA:163,19,0,1
BRDA:163,19,1,1
BRDA:166,20,0,1
BRDA:166,20,1,1
BRDA:168,21,0,1
BRDA:168,21,1,1
BRDA:168,22,0,2
BRDA:168,22,1,2
BRDA:171,23,0,1
BRDA:171,23,1,1
BRDA:175,24,0,1
BRDA:175,24,1,1
BRDA:175,25,0,2
BRDA:175,25,1,2
BRDA:178,26,0,1
BRDA:178,26,1,1
BRDA:181,27,0,1
BRDA:181,27,1,1
BRDA:183,28,0,1
BRDA:183,28,1,1
BRDA:184,29,0,1
BRDA:184,29,1,1
BRDA:186,30,0,1
BRDA:186,30,1,1
BRDA:186,31,0,2
BRDA:186,31,1,2
BRDA:186,31,2,1
BRDA:192,32,0,1
BRDA:192,32,1,1
BRDA:192,33,0,2
BRDA:192,33,1,2
BRDA:196,34,0,1
BRDA:196,34,1,1
BRDA:196,35,0,2
BRDA:196,35,1,2
BRDA:200,36,0,1
BRDA:200,36,1,1
BRDA:200,37,0,2
BRDA:200,37,1,2
BRDA:204,38,0,1
BRDA:204,38,1,1
BRDA:204,39,0,2
BRDA:204,39,1,2
BRDA:208,40,0,1
BRDA:208,40,1,1
BRDA:208,41,0,2
BRDA:208,41,1,2
BRDA:212,42,0,1
BRDA:212,42,1,1
BRDA:212,43,0,2
BRDA:212,43,1,2
BRDA:212,43,2,1
BRDA:217,44,0,1
BRDA:217,44,1,1
BRDA:244,45,0,2
BRDA:244,45,1,2
BRDA:258,46,0,1
BRDA:258,46,1,1
BRDA:258,47,0,2
BRDA:258,47,1,1
BRDA:270,48,0,1
BRDA:270,48,1,1
BRDA:301,49,0,1
BRDA:302,50,0,1
BRDA:303,51,0,1
BRDA:311,52,0,2
BRDA:311,52,1,10
BRDA:333,53,0,11
BRDA:333,53,1,1
BRDA:348,54,0,1
BRDA:348,54,1,10
BRDA:348,55,0,11
BRDA:348,55,1,10
BRDA:372,56,0,10
BRDA:372,56,1,1
BRDA:376,57,0,10
BRDA:376,57,1,1
BRDA:390,58,0,8
BRDA:390,58,1,3
BRDA:392,59,0,8
BRDA:392,59,1,3
BRDA:393,60,0,8
BRDA:393,60,1,3
BRDA:396,61,0,8
BRDA:396,61,1,3
BRDA:397,62,0,8
BRDA:397,62,1,3
BRDA:398,63,0,8
BRDA:398,63,1,3
BRDA:441,64,0,2
BRDA:441,64,1,9
BRDA:443,65,0,1
BRDA:443,65,1,8
BRDA:445,66,0,2
BRDA:445,66,1,6
BRDA:446,67,0,1
BRDA:446,67,1,1
BRDA:447,68,0,1
BRDA:447,68,1,5
BRDA:449,69,0,1
BRDA:449,69,1,4
BRDA:451,70,0,1
BRDA:451,70,1,3
BRDA:453,71,0,1
BRDA:453,71,1,2
BRDA:455,72,0,1
BRDA:455,72,1,1
BRDA:466,73,0,1
BRDA:466,73,1,10
BRDA:466,74,0,11
BRDA:466,74,1,1
BRDA:468,75,0,1
BRDA:468,75,1,10
BRDA:468,76,0,11
BRDA:468,76,1,1
BRDA:479,77,0,8
BRDA:479,77,1,3
BRDA:480,78,0,8
BRDA:480,78,1,3
BRDA:481,79,0,8
BRDA:481,79,1,3
BRDA:482,80,0,8
BRDA:482,80,1,3
BRDA:488,81,0,8
BRDA:488,81,1,3
BRDA:513,82,0,7
BRDA:513,82,1,1
BRDA:518,83,0,7
BRDA:518,83,1,1
BRDA:534,84,0,8
BRDA:534,84,1,3
BRDA:548,85,0,11
BRDA:548,85,1,11
BRDA:553,86,0,8
BRDA:553,86,1,3
BRDA:554,87,0,7
BRDA:554,87,1,1
BRDA:556,88,0,2
BRDA:556,88,1,1
BRDA:563,89,0,8
BRDA:563,89,1,3
BRDA:564,90,0,8
BRDA:564,90,1,1
BRDA:568,91,0,1
BRDA:568,91,1,10
BRDA:568,92,0,11
BRDA:568,92,1,2
BRDA:569,93,0,1
BRDA:569,93,1,10
BRDA:569,94,0,11
BRDA:569,94,1,2
BRDA:570,95,0,1
BRDA:570,95,1,10
BRDA:570,96,0,11
BRDA:570,96,1,2
BRDA:586,97,0,1
BRDA:586,97,1,10
BRDA:587,98,0,1
BRDA:587,98,1,10
BRDA:615,99,0,9
BRDA:615,99,1,1
BRDA:709,100,0,8
BRDA:709,100,1,2
BRDA:710,101,0,1
BRDA:710,101,1,9
BRDA:711,102,0,1
BRDA:711,102,1,9
BRDA:718,103,0,7
BRDA:718,103,1,3
BRDA:726,104,0,1
BRDA:726,104,1,9
BRDA:729,105,0,6
BRDA:729,105,1,3
BRDA:762,106,0,1
BRDA:762,106,1,1
BRDA:804,107,0,2
BRDA:804,107,1,2
BRDA:817,108,0,2
BRDA:817,108,1,0
BRDA:817,109,0,2
BRDA:817,109,1,2
BRDA:837,110,0,2
BRDA:837,110,1,0
BRDA:884,111,0,3
BRDA:884,111,1,1
BRDA:891,112,0,4
BRDA:891,112,1,1
BRDA:893,113,0,4
BRDA:893,113,1,1
BRDA:980,114,0,1
BRDA:980,114,1,2
BRDA:980,115,0,3
BRDA:980,115,1,2
BRDA:988,116,0,1
BRDA:988,116,1,1
BRDA:988,117,0,2
BRDA:988,117,1,2
BRF:237
BRH:235
end_of_record
TN:
SF:server/controllers/capacities.js
FN:12,getCapacity
FN:57,getAllCapacities
FN:65,(anonymous_2)
FN:101,getOptionsFormCapacity
FN:114,(anonymous_4)
FN:153,getOptionsProducts
FN:192,createCapacity
FN:236,updateCapacity
FN:284,createBulkImportCapacity
FN:309,deleteCapacity
FNF:10
FNH:10
FNDA:3,getCapacity
FNDA:3,getAllCapacities
FNDA:2,(anonymous_2)
FNDA:2,getOptionsFormCapacity
FNDA:1,(anonymous_4)
FNDA:2,getOptionsProducts
FNDA:2,createCapacity
FNDA:2,updateCapacity
FNDA:2,createBulkImportCapacity
FNDA:2,deleteCapacity
DA:13,3
DA:15,3
DA:16,3
DA:23,2
DA:42,2
DA:46,2
DA:49,1
DA:50,1
DA:53,1
DA:58,3
DA:59,3
DA:61,3
DA:65,2
DA:66,2
DA:86,2
DA:90,2
DA:93,1
DA:94,1
DA:97,1
DA:102,2
DA:103,2
DA:105,2
DA:110,1
DA:114,1
DA:115,1
DA:121,1
DA:133,1
DA:138,1
DA:142,1
DA:145,1
DA:146,1
DA:149,1
DA:154,2
DA:155,2
DA:163,2
DA:164,2
DA:176,1
DA:180,1
DA:183,1
DA:184,1
DA:187,1
DA:202,2
DA:204,2
DA:217,2
DA:218,2
DA:220,1
DA:225,1
DA:228,1
DA:229,1
DA:232,1
DA:247,2
DA:249,2
DA:262,2
DA:263,2
DA:268,1
DA:273,1
DA:276,1
DA:277,1
DA:280,1
DA:285,2
DA:286,2
DA:288,2
DA:293,1
DA:298,1
DA:301,1
DA:302,1
DA:305,1
DA:310,2
DA:311,2
DA:312,2
DA:314,1
DA:318,1
DA:321,1
DA:322,1
DA:325,1
LF:75
LH:75
BRDA:37,0,0,1
BRDA:37,0,1,1
BRDA:80,1,0,1
BRDA:80,1,1,1
BRF:4
BRH:4
end_of_record
TN:
SF:server/controllers/carrierSchedules.js
FN:6,getCarrierSchedule
FN:31,getCarrierSchedules
FN:53,getAllCarrierSchedules
FN:72,createCarrierSchedule
FN:104,updateCarrierSchedule
FN:117,(anonymous_5)
FN:143,deleteCarrierSchedule
FNF:7
FNH:7
FNDA:2,getCarrierSchedule
FNDA:2,getCarrierSchedules
FNDA:2,getAllCarrierSchedules
FNDA:2,createCarrierSchedule
FNDA:3,updateCarrierSchedule
FNDA:15,(anonymous_5)
FNDA:2,deleteCarrierSchedule
DA:7,2
DA:9,2
DA:10,2
DA:16,1
DA:20,1
DA:23,1
DA:24,1
DA:27,1
DA:32,2
DA:34,2
DA:36,2
DA:38,1
DA:42,1
DA:45,1
DA:46,1
DA:49,1
DA:54,2
DA:55,2
DA:57,1
DA:61,1
DA:64,1
DA:65,1
DA:68,1
DA:73,2
DA:75,2
DA:84,2
DA:86,2
DA:88,1
DA:93,1
DA:96,1
DA:97,1
DA:100,1
DA:106,3
DA:108,3
DA:116,3
DA:117,15
DA:120,3
DA:122,3
DA:127,2
DA:132,2
DA:135,1
DA:136,1
DA:139,1
DA:144,2
DA:146,2
DA:147,2
DA:151,1
DA:155,1
DA:158,1
DA:159,1
DA:162,1
LF:51
LH:51
BRDA:117,0,0,15
BRDA:117,0,1,2
BRF:2
BRH:2
end_of_record
TN:
SF:server/controllers/carriers.js
FN:6,getCarrier
FN:29,getAllCarriers
FN:59,getOptionsCarriers
FN:78,createCarrier
FN:142,updateCarrier
FN:186,(anonymous_5)
FN:208,deleteCarrier
FNF:7
FNH:7
FNDA:2,getCarrier
FNDA:3,getAllCarriers
FNDA:2,getOptionsCarriers
FNDA:2,createCarrier
FNDA:3,updateCarrier
FNDA:54,(anonymous_5)
FNDA:2,deleteCarrier
DA:7,2
DA:9,2
DA:10,2
DA:14,1
DA:18,1
DA:21,1
DA:22,1
DA:25,1
DA:30,3
DA:31,3
DA:33,3
DA:40,2
DA:48,2
DA:51,1
DA:52,1
DA:55,1
DA:60,2
DA:61,2
DA:63,1
DA:67,1
DA:70,1
DA:71,1
DA:74,1
DA:98,2
DA:100,2
DA:123,2
DA:124,2
DA:126,1
DA:131,1
DA:134,1
DA:135,1
DA:138,1
DA:162,3
DA:164,3
DA:185,3
DA:186,54
DA:189,3
DA:190,3
DA:192,2
DA:197,2
DA:200,1
DA:201,1
DA:204,1
DA:209,2
DA:210,2
DA:211,2
DA:213,1
DA:217,1
DA:220,1
DA:221,1
DA:224,1
LF:51
LH:51
BRDA:31,0,0,2
BRDA:186,1,0,54
BRDA:186,1,1,2
BRF:3
BRH:3
end_of_record
TN:
SF:server/controllers/collectors.js
FN:6,getCollector
FN:29,getCollectors
FN:48,createCollector
FN:82,updateCollector
FN:105,(anonymous_4)
FN:130,deleteCollector
FNF:6
FNH:6
FNDA:2,getCollector
FNDA:2,getCollectors
FNDA:2,createCollector
FNDA:3,updateCollector
FNDA:24,(anonymous_4)
FNDA:2,deleteCollector
DA:7,2
DA:9,2
DA:10,2
DA:14,1
DA:18,1
DA:21,1
DA:22,1
DA:25,1
DA:30,2
DA:31,2
DA:33,1
DA:37,1
DA:40,1
DA:41,1
DA:44,1
DA:50,2
DA:52,2
DA:63,2
DA:64,2
DA:66,1
DA:71,1
DA:74,1
DA:75,1
DA:78,1
DA:93,3
DA:94,3
DA:104,3
DA:105,24
DA:108,3
DA:109,3
DA:114,2
DA:119,2
DA:122,1
DA:123,1
DA:126,1
DA:131,2
DA:133,2
DA:134,2
DA:136,1
DA:140,1
DA:143,1
DA:144,1
DA:147,1
LF:43
LH:43
BRDA:105,0,0,24
BRDA:105,0,1,2
BRF:2
BRH:2
end_of_record
TN:
SF:server/controllers/companies.js
FN:6,getCompany
FN:29,getAllCompanies
FN:48,getOptionsCompanies
FN:67,createCompany
FN:137,updateCompany
FN:187,(anonymous_5)
FN:209,deleteCompany
FNF:7
FNH:7
FNDA:2,getCompany
FNDA:2,getAllCompanies
FNDA:2,getOptionsCompanies
FNDA:2,createCompany
FNDA:3,updateCompany
FNDA:66,(anonymous_5)
FNDA:2,deleteCompany
DA:7,2
DA:9,2
DA:10,2
DA:14,1
DA:18,1
DA:21,1
DA:22,1
DA:25,1
DA:30,2
DA:31,2
DA:33,1
DA:37,1
DA:40,1
DA:41,1
DA:44,1
DA:49,2
DA:50,2
DA:52,1
DA:56,1
DA:59,1
DA:60,1
DA:63,1
DA:90,2
DA:92,2
DA:118,2
DA:119,2
DA:121,1
DA:126,1
DA:129,1
DA:130,1
DA:133,1
DA:161,3
DA:162,3
DA:186,3
DA:187,66
DA:190,3
DA:191,3
DA:193,2
DA:198,2
DA:201,1
DA:202,1
DA:205,1
DA:210,2
DA:212,2
DA:213,2
DA:215,1
DA:219,1
DA:222,1
DA:223,1
DA:226,1
LF:50
LH:50
BRDA:187,0,0,66
BRDA:187,0,1,5
BRF:2
BRH:2
end_of_record
TN:
SF:server/controllers/crons.js
FN:8,reduceJobs
FN:10,(anonymous_1)
FN:11,(anonymous_2)
FN:41,searchJob
FN:42,(anonymous_4)
FN:45,getCrons
FN:55,updateCron
FN:105,executeJob
FNF:8
FNH:0
FNDA:0,reduceJobs
FNDA:0,(anonymous_1)
FNDA:0,(anonymous_2)
FNDA:0,searchJob
FNDA:0,(anonymous_4)
FNDA:0,getCrons
FNDA:0,updateCron
FNDA:0,executeJob
DA:9,0
DA:10,0
DA:11,0
DA:13,0
DA:14,0
DA:28,0
DA:37,0
DA:42,0
DA:46,0
DA:47,0
DA:48,0
DA:49,0
DA:51,0
DA:56,0
DA:64,0
DA:65,0
DA:66,0
DA:67,0
DA:70,0
DA:71,0
DA:80,0
DA:81,0
DA:83,0
DA:93,0
DA:97,0
DA:99,0
DA:101,0
DA:106,0
DA:107,0
DA:108,0
DA:109,0
DA:112,0
DA:114,0
DA:115,0
DA:120,0
DA:128,0
DA:131,0
DA:133,0
LF:38
LH:0
BRDA:8,0,0,0
BRDA:13,1,0,0
BRDA:13,1,1,0
BRDA:22,2,0,0
BRDA:22,2,1,0
BRDA:32,3,0,0
BRDA:32,3,1,0
BRDA:41,4,0,0
BRDA:59,5,0,0
BRDA:60,6,0,0
BRDA:61,7,0,0
BRDA:70,8,0,0
BRDA:70,8,1,0
BRDA:81,9,0,0
BRDA:81,9,1,0
BRDA:97,10,0,0
BRDA:97,10,1,0
BRDA:112,11,0,0
BRDA:112,11,1,0
BRDA:114,12,0,0
BRDA:114,12,1,0
BRF:21
BRH:0
end_of_record
TN:
SF:server/controllers/curves.js
FN:6,getCurve
FN:36,getAllCurves
FN:40,(anonymous_2)
FN:64,createCurve
FN:95,updateCurve
FN:104,(anonymous_5)
FN:124,deleteCurve
FNF:7
FNH:7
FNDA:2,getCurve
FNDA:2,getAllCurves
FNDA:2,(anonymous_2)
FNDA:2,createCurve
FNDA:3,updateCurve
FNDA:9,(anonymous_5)
FNDA:2,deleteCurve
DA:7,2
DA:9,2
DA:10,2
DA:14,1
DA:21,1
DA:25,1
DA:28,1
DA:29,1
DA:32,1
DA:37,2
DA:38,2
DA:40,1
DA:41,2
DA:49,1
DA:53,1
DA:56,1
DA:57,1
DA:60,1
DA:65,2
DA:67,2
DA:76,2
DA:77,2
DA:79,1
DA:84,1
DA:87,1
DA:88,1
DA:91,1
DA:96,3
DA:98,3
DA:104,9
DA:106,3
DA:107,3
DA:108,2
DA:113,2
DA:116,1
DA:117,1
DA:120,1
DA:125,2
DA:126,2
DA:127,2
DA:128,1
DA:132,1
DA:135,1
DA:136,1
DA:139,1
LF:45
LH:45
BRDA:104,0,0,9
BRDA:104,0,1,2
BRF:2
BRH:2
end_of_record
TN:
SF:server/controllers/customerBranch.js
FN:6,createCustomerBranch
FN:29,updateCustomerBranch
FN:41,(anonymous_2)
FN:61,deleteCustomerBranch
FN:77,getCustomerBranches
FNF:5
FNH:5
FNDA:2,createCustomerBranch
FNDA:3,updateCustomerBranch
FNDA:15,(anonymous_2)
FNDA:2,deleteCustomerBranch
FNDA:3,getCustomerBranches
DA:7,2
DA:9,2
DA:10,2
DA:18,1
DA:21,1
DA:22,1
DA:25,1
DA:31,3
DA:32,3
DA:40,3
DA:41,15
DA:44,3
DA:45,3
DA:50,2
DA:53,1
DA:54,1
DA:57,1
DA:62,2
DA:64,2
DA:65,2
DA:66,1
DA:69,1
DA:70,1
DA:73,1
DA:78,3
DA:79,3
DA:82,3
DA:90,2
DA:92,2
DA:93,2
DA:94,2
DA:104,2
DA:113,2
DA:116,1
DA:117,1
DA:120,1
LF:36
LH:36
BRDA:41,0,0,15
BRDA:41,0,1,2
BRDA:79,1,0,2
BRDA:101,2,0,1
BRDA:101,2,1,1
BRF:5
BRH:5
end_of_record
TN:
SF:server/controllers/customerProducts.js
FN:7,getCustomerProduct
FN:55,getAllCustomerProducts
FN:86,createCustomerProduct
FN:127,updateCustomerProduct
FN:144,(anonymous_4)
FN:169,deleteCustomerProduct
FNF:6
FNH:6
FNDA:3,getCustomerProduct
FNDA:3,getAllCustomerProducts
FNDA:2,createCustomerProduct
FNDA:3,updateCustomerProduct
FNDA:15,(anonymous_4)
FNDA:2,deleteCustomerProduct
DA:8,3
DA:10,3
DA:11,3
DA:17,2
DA:21,2
DA:40,2
DA:44,2
DA:47,1
DA:48,1
DA:51,1
DA:56,3
DA:57,3
DA:60,3
DA:67,2
DA:75,2
DA:78,1
DA:79,1
DA:82,1
DA:94,2
DA:96,2
DA:107,2
DA:109,2
DA:111,1
DA:116,1
DA:119,1
DA:120,1
DA:123,1
DA:134,3
DA:136,3
DA:144,15
DA:146,3
DA:148,3
DA:153,2
DA:158,2
DA:161,1
DA:162,1
DA:165,1
DA:170,2
DA:171,2
DA:172,2
DA:175,1
DA:179,1
DA:182,1
DA:183,1
DA:186,1
LF:45
LH:45
BRDA:24,0,0,1
BRDA:24,0,1,1
BRDA:28,1,0,1
BRDA:28,1,1,1
BRDA:34,2,0,1
BRDA:34,2,1,1
BRDA:57,3,0,2
BRDA:144,4,0,15
BRDA:144,4,1,2
BRF:9
BRH:9
end_of_record
TN:
SF:server/controllers/customers.js
FN:6,getCustomer
FN:52,getAllCustomers
FN:82,getOptionsCustomers
FN:104,createCustomer
FN:170,updateCustomer
FN:216,(anonymous_5)
FN:241,deleteCustomer
FNF:7
FNH:7
FNDA:2,getCustomer
FNDA:3,getAllCustomers
FNDA:2,getOptionsCustomers
FNDA:2,createCustomer
FNDA:3,updateCustomer
FNDA:57,(anonymous_5)
FNDA:2,deleteCustomer
DA:7,2
DA:9,2
DA:10,2
DA:14,1
DA:37,1
DA:41,1
DA:44,1
DA:45,1
DA:48,1
DA:53,3
DA:54,3
DA:56,3
DA:63,2
DA:71,2
DA:74,1
DA:75,1
DA:78,1
DA:83,2
DA:84,2
DA:86,1
DA:87,1
DA:88,1
DA:93,1
DA:96,1
DA:97,1
DA:100,1
DA:125,2
DA:127,2
DA:151,2
DA:152,2
DA:154,1
DA:159,1
DA:162,1
DA:163,1
DA:166,1
DA:191,3
DA:193,3
DA:215,3
DA:216,57
DA:219,3
DA:220,3
DA:225,2
DA:230,2
DA:233,1
DA:234,1
DA:237,1
DA:242,2
DA:244,2
DA:245,2
DA:247,1
DA:251,1
DA:254,1
DA:255,1
DA:258,1
LF:54
LH:54
BRDA:54,0,0,2
BRDA:216,1,0,57
BRDA:216,1,1,2
BRF:3
BRH:3
end_of_record
TN:
SF:server/controllers/cypress.js
FN:9,createUser
FN:52,updateUser
FN:91,deleteBeestockUser
FN:107,deleteAllCompaniesAndUsers
FN:125,heartbeat
FNF:5
FNH:5
FNDA:3,createUser
FNDA:2,updateUser
FNDA:2,deleteBeestockUser
FNDA:2,deleteAllCompaniesAndUsers
FNDA:1,heartbeat
DA:10,3
DA:12,3
DA:28,3
DA:30,3
DA:32,2
DA:33,1
DA:35,1
DA:38,2
DA:44,1
DA:45,1
DA:48,1
DA:53,2
DA:55,2
DA:67,2
DA:69,2
DA:71,2
DA:72,1
DA:74,1
DA:77,1
DA:83,1
DA:84,1
DA:87,1
DA:92,2
DA:93,2
DA:94,1
DA:99,1
DA:100,1
DA:103,1
DA:108,2
DA:109,2
DA:110,1
DA:112,1
DA:117,1
DA:118,1
DA:121,1
DA:126,1
LF:36
LH:36
BRDA:32,0,0,1
BRDA:32,0,1,1
BRDA:71,1,0,1
BRDA:71,1,1,1
BRF:4
BRH:4
end_of_record
TN:
SF:server/controllers/departments.js
FN:6,getDepartment
FN:29,getAllDepartments
FN:47,getOptionsDepartments
FN:66,createDepartment
FN:94,updateDepartment
FN:103,(anonymous_5)
FN:128,deleteDepartment
FNF:7
FNH:7
FNDA:2,getDepartment
FNDA:2,getAllDepartments
FNDA:2,getOptionsDepartments
FNDA:2,createDepartment
FNDA:3,updateDepartment
FNDA:9,(anonymous_5)
FNDA:2,deleteDepartment
DA:7,2
DA:9,2
DA:10,2
DA:14,1
DA:18,1
DA:21,1
DA:22,1
DA:25,1
DA:30,2
DA:31,2
DA:32,1
DA:36,1
DA:39,1
DA:40,1
DA:43,1
DA:48,2
DA:49,2
DA:51,1
DA:55,1
DA:58,1
DA:59,1
DA:62,1
DA:67,2
DA:69,2
DA:70,2
DA:78,1
DA:83,1
DA:86,1
DA:87,1
DA:90,1
DA:95,3
DA:96,3
DA:102,3
DA:103,9
DA:106,3
DA:107,3
DA:112,2
DA:117,2
DA:120,1
DA:121,1
DA:124,1
DA:129,2
DA:131,2
DA:132,2
DA:134,1
DA:138,1
DA:141,1
DA:142,1
DA:145,1
LF:49
LH:49
BRDA:103,0,0,9
BRDA:103,0,1,2
BRF:2
BRH:2
end_of_record
TN:
SF:server/controllers/deposits.js
FN:6,getDeposit
FN:29,getAllDeposits
FN:48,createDeposit
FN:110,updateDeposit
FN:152,(anonymous_4)
FN:174,deleteDeposit
FN:195,deleteDepositByCode
FN:216,getOptionsDeposits
FN:242,getDepositsOptionsList
FNF:9
FNH:9
FNDA:2,getDeposit
FNDA:2,getAllDeposits
FNDA:2,createDeposit
FNDA:3,updateDeposit
FNDA:51,(anonymous_4)
FNDA:2,deleteDeposit
FNDA:2,deleteDepositByCode
FNDA:3,getOptionsDeposits
FNDA:2,getDepositsOptionsList
DA:7,2
DA:9,2
DA:10,2
DA:14,1
DA:18,1
DA:21,1
DA:22,1
DA:25,1
DA:30,2
DA:31,2
DA:33,1
DA:37,1
DA:40,1
DA:41,1
DA:44,1
DA:67,2
DA:69,2
DA:91,2
DA:92,2
DA:94,1
DA:99,1
DA:102,1
DA:103,1
DA:106,1
DA:129,3
DA:131,3
DA:151,3
DA:152,51
DA:155,3
DA:156,3
DA:158,2
DA:163,2
DA:166,1
DA:167,1
DA:170,1
DA:175,2
DA:177,2
DA:178,2
DA:180,1
DA:184,1
DA:187,1
DA:188,1
DA:191,1
DA:196,2
DA:198,2
DA:199,2
DA:201,1
DA:205,1
DA:208,1
DA:209,1
DA:212,1
DA:217,3
DA:220,3
DA:224,3
DA:225,3
DA:227,2
DA:231,2
DA:234,1
DA:235,1
DA:238,1
DA:243,2
DA:244,2
DA:245,1
DA:247,1
DA:248,1
DA:253,1
DA:256,1
DA:257,1
DA:260,1
LF:69
LH:69
BRDA:152,0,0,51
BRDA:152,0,1,5
BRDA:220,1,0,3
BRDA:220,1,1,0
BRDA:220,2,0,3
BRDA:220,2,1,2
BRF:6
BRH:5
end_of_record
TN:
SF:server/controllers/dockCarriers.js
FN:11,getCarrierBase
FN:72,getDockBase
FN:113,searchDocks
FN:124,(anonymous_3)
FN:145,searchCarriers
FN:155,(anonymous_5)
FN:159,(anonymous_6)
FN:181,linkDockCarrier
FN:209,unlinkDockCarrier
FNF:9
FNH:9
FNDA:2,getCarrierBase
FNDA:2,getDockBase
FNDA:3,searchDocks
FNDA:12,(anonymous_3)
FNDA:3,searchCarriers
FNDA:9,(anonymous_5)
FNDA:3,(anonymous_6)
FNDA:2,linkDockCarrier
FNDA:2,unlinkDockCarrier
DA:12,2
DA:14,2
DA:15,2
DA:19,1
DA:21,1
DA:22,1
DA:25,1
DA:29,1
DA:42,1
DA:45,1
DA:48,1
DA:52,1
DA:57,1
DA:61,1
DA:64,1
DA:65,1
DA:68,1
DA:73,2
DA:75,2
DA:76,2
DA:80,1
DA:82,1
DA:83,1
DA:92,1
DA:95,1
DA:98,1
DA:102,1
DA:105,1
DA:106,1
DA:109,1
DA:114,3
DA:115,3
DA:117,3
DA:123,3
DA:124,12
DA:127,3
DA:129,2
DA:134,2
DA:137,1
DA:138,1
DA:141,1
DA:146,3
DA:147,3
DA:149,3
DA:154,3
DA:155,9
DA:158,3
DA:159,3
DA:160,3
DA:163,3
DA:165,2
DA:170,2
DA:173,1
DA:174,1
DA:177,1
DA:182,2
DA:183,2
DA:185,2
DA:192,2
DA:194,1
DA:198,1
DA:201,1
DA:202,1
DA:205,1
DA:210,2
DA:211,2
DA:213,2
DA:215,1
DA:219,1
DA:222,1
DA:223,1
DA:226,1
LF:72
LH:72
BRDA:118,0,0,1
BRDA:118,0,1,2
BRDA:119,1,0,1
BRDA:119,1,1,2
BRDA:120,2,0,1
BRDA:120,2,1,2
BRDA:121,3,0,1
BRDA:121,3,1,2
BRDA:124,4,0,12
BRDA:124,4,1,8
BRDA:150,5,0,1
BRDA:150,5,1,2
BRDA:151,6,0,1
BRDA:151,6,1,2
BRDA:152,7,0,1
BRDA:152,7,1,2
BRDA:155,8,0,9
BRDA:155,8,1,6
BRF:18
BRH:18
end_of_record
TN:
SF:server/controllers/dockControl.js
FN:17,createDockControl
FN:45,checkVolumes
FN:53,(anonymous_2)
FN:118,finalizeCheckVolumes
FN:123,(anonymous_4)
FN:165,getOutboundOrdersChecked
FN:179,(anonymous_6)
FN:188,(anonymous_7)
FN:193,(anonymous_8)
FN:209,getOpenConference
FN:242,dockControlList
FN:286,outboundOrderWithdrawal
FN:294,(anonymous_12)
FN:338,getOutboundOrderDockControl
FNF:14
FNH:14
FNDA:2,createDockControl
FNDA:4,checkVolumes
FNDA:3,(anonymous_2)
FNDA:3,finalizeCheckVolumes
FNDA:2,(anonymous_4)
FNDA:3,getOutboundOrdersChecked
FNDA:2,(anonymous_6)
FNDA:2,(anonymous_7)
FNDA:2,(anonymous_8)
FNDA:4,getOpenConference
FNDA:3,dockControlList
FNDA:4,outboundOrderWithdrawal
FNDA:3,(anonymous_12)
FNDA:2,getOutboundOrderDockControl
DA:18,2
DA:20,2
DA:21,2
DA:32,1
DA:41,1
DA:46,4
DA:48,4
DA:52,4
DA:53,4
DA:54,3
DA:61,3
DA:70,3
DA:86,3
DA:94,3
DA:95,2
DA:102,2
DA:112,3
DA:114,1
DA:119,3
DA:121,3
DA:122,3
DA:123,3
DA:130,2
DA:142,2
DA:150,2
DA:151,1
DA:156,1
DA:161,1
DA:166,3
DA:168,3
DA:170,3
DA:177,2
DA:179,2
DA:180,2
DA:189,2
DA:194,2
DA:195,1
DA:203,2
DA:205,1
DA:210,4
DA:212,4
DA:213,4
DA:222,3
DA:223,2
DA:235,1
DA:238,1
DA:243,3
DA:245,3
DA:246,3
DA:247,3
DA:248,3
DA:251,3
DA:255,2
DA:257,2
DA:258,2
DA:259,2
DA:280,2
DA:282,1
DA:287,4
DA:289,4
DA:290,4
DA:294,3
DA:295,3
DA:308,3
DA:318,3
DA:326,3
DA:327,2
DA:332,3
DA:334,1
DA:339,2
DA:341,2
DA:343,2
DA:347,1
DA:349,1
LF:74
LH:74
BRDA:73,0,0,2
BRDA:73,0,1,1
BRDA:74,1,0,1
BRDA:74,1,1,2
BRDA:94,2,0,2
BRDA:94,2,1,1
BRDA:94,3,0,3
BRDA:94,3,1,1
BRDA:105,4,0,1
BRDA:105,4,1,1
BRDA:150,5,0,1
BRDA:150,5,1,1
BRDA:183,6,0,2
BRDA:183,6,1,1
BRDA:185,7,0,2
BRDA:185,7,1,1
BRDA:186,8,0,2
BRDA:186,8,1,1
BRDA:187,9,0,1
BRDA:187,9,1,1
BRDA:192,10,0,1
BRDA:192,10,1,1
BRDA:194,11,0,1
BRDA:194,11,1,1
BRDA:198,12,0,1
BRDA:198,12,1,1
BRDA:222,13,0,2
BRDA:222,13,1,1
BRDA:229,14,0,1
BRDA:229,14,1,1
BRDA:229,15,0,2
BRDA:229,15,1,1
BRDA:269,16,0,1
BRDA:269,16,1,1
BRDA:269,17,0,2
BRDA:269,17,1,1
BRDA:273,18,0,1
BRDA:273,18,1,1
BRDA:273,19,0,2
BRDA:273,19,1,1
BRDA:300,20,0,2
BRDA:300,20,1,1
BRDA:300,21,0,3
BRDA:300,21,1,3
BRDA:326,22,0,2
BRDA:326,22,1,1
BRDA:326,23,0,3
BRDA:326,23,1,1
BRF:48
BRH:48
end_of_record
TN:
SF:server/controllers/docks.js
FN:6,getDock
FN:44,getAllDocks
FN:50,(anonymous_2)
FN:84,createDock
FN:119,updateDock
FN:133,(anonymous_5)
FN:154,deleteDock
FNF:7
FNH:7
FNDA:6,getDock
FNDA:6,getAllDocks
FNDA:8,(anonymous_2)
FNDA:4,createDock
FNDA:6,updateDock
FNDA:42,(anonymous_5)
FNDA:4,deleteDock
DA:7,6
DA:9,6
DA:10,6
DA:14,4
DA:29,4
DA:33,4
DA:36,2
DA:37,2
DA:40,2
DA:45,6
DA:46,6
DA:50,4
DA:51,8
DA:69,4
DA:73,4
DA:76,2
DA:77,2
DA:80,2
DA:86,4
DA:88,4
DA:100,4
DA:101,4
DA:103,2
DA:108,2
DA:111,2
DA:112,2
DA:115,2
DA:121,6
DA:123,6
DA:133,42
DA:135,6
DA:136,6
DA:138,4
DA:143,4
DA:146,2
DA:147,2
DA:150,2
DA:155,4
DA:157,4
DA:158,4
DA:160,2
DA:164,2
DA:167,2
DA:168,2
DA:171,2
LF:45
LH:45
BRDA:19,0,0,2
BRDA:19,0,1,2
BRDA:21,1,0,2
BRDA:21,1,1,2
BRDA:56,2,0,4
BRDA:56,2,1,4
BRDA:60,3,0,4
BRDA:60,3,1,4
BRDA:133,4,0,42
BRDA:133,4,1,4
BRF:10
BRH:10
end_of_record
TN:
SF:server/controllers/i18n.js
FN:13,getI18n
FN:36,getTranslate
FN:60,getI18nNewKey
FN:81,getAllI18ns
FN:130,getGrid
FN:149,createI18n
FN:180,updateI18n
FN:197,(anonymous_7)
FN:207,deleteI18n
FNF:9
FNH:0
FNDA:0,getI18n
FNDA:0,getTranslate
FNDA:0,getI18nNewKey
FNDA:0,getAllI18ns
FNDA:0,getGrid
FNDA:0,createI18n
FNDA:0,updateI18n
FNDA:0,(anonymous_7)
FNDA:0,deleteI18n
DA:14,0
DA:16,0
DA:17,0
DA:21,0
DA:25,0
DA:28,0
DA:29,0
DA:32,0
DA:37,0
DA:39,0
DA:40,0
DA:45,0
DA:49,0
DA:52,0
DA:53,0
DA:56,0
DA:61,0
DA:62,0
DA:64,0
DA:66,0
DA:70,0
DA:73,0
DA:74,0
DA:77,0
DA:82,0
DA:83,0
DA:85,0
DA:87,0
DA:88,0
DA:95,0
DA:96,0
DA:97,0
DA:98,0
DA:101,0
DA:102,0
DA:105,0
DA:109,0
DA:111,0
DA:113,0
DA:115,0
DA:119,0
DA:122,0
DA:123,0
DA:126,0
DA:131,0
DA:132,0
DA:134,0
DA:138,0
DA:141,0
DA:142,0
DA:145,0
DA:150,0
DA:152,0
DA:154,0
DA:156,0
DA:157,0
DA:164,0
DA:169,0
DA:172,0
DA:173,0
DA:176,0
DA:181,0
DA:182,0
DA:184,0
DA:188,0
DA:196,0
DA:197,0
DA:200,0
DA:201,0
DA:203,0
DA:208,0
DA:210,0
DA:211,0
DA:213,0
DA:218,0
DA:221,0
DA:222,0
DA:225,0
LF:78
LH:0
BRDA:64,0,0,0
BRDA:64,0,1,0
BRDA:64,1,0,0
BRDA:64,1,1,0
BRDA:83,2,0,0
BRDA:95,3,0,0
BRDA:95,3,1,0
BRDA:136,4,0,0
BRDA:136,4,1,0
BRDA:150,5,0,0
BRDA:150,6,0,0
BRDA:150,7,0,0
BRDA:154,8,0,0
BRDA:154,8,1,0
BRDA:154,9,0,0
BRDA:154,9,1,0
BRDA:166,10,0,0
BRDA:166,10,1,0
BRDA:182,11,0,0
BRDA:182,12,0,0
BRDA:182,13,0,0
BRDA:182,14,0,0
BRDA:184,15,0,0
BRDA:184,15,1,0
BRDA:190,16,0,0
BRDA:190,16,1,0
BRDA:191,17,0,0
BRDA:191,17,1,0
BRDA:192,18,0,0
BRDA:192,18,1,0
BRDA:197,19,0,0
BRDA:197,19,1,0
BRF:32
BRH:0
end_of_record
TN:
SF:server/controllers/inboundCheck.js
FN:39,getAddresses
FN:61,getBranchRules
FN:106,responseProducts
FN:107,(anonymous_3)
FN:147,(anonymous_4)
FN:154,getInboundOrder
FN:222,getInboundOrders
FN:267,(anonymous_7)
FN:285,(anonymous_8)
FN:291,(anonymous_9)
FN:342,(anonymous_10)
FN:415,getInboundOrderProduct
FN:540,getInboundOrderProductAddresses
FN:600,(anonymous_13)
FN:616,createOutboundMovement
FN:672,createInboundMovement
FN:728,confirmCount
FN:750,(anonymous_17)
FN:799,(anonymous_18)
FN:1885,(anonymous_19)
FNF:20
FNH:0
FNDA:0,getAddresses
FNDA:0,getBranchRules
FNDA:0,responseProducts
FNDA:0,(anonymous_3)
FNDA:0,(anonymous_4)
FNDA:0,getInboundOrder
FNDA:0,getInboundOrders
FNDA:0,(anonymous_7)
FNDA:0,(anonymous_8)
FNDA:0,(anonymous_9)
FNDA:0,(anonymous_10)
FNDA:0,getInboundOrderProduct
FNDA:0,getInboundOrderProductAddresses
FNDA:0,(anonymous_13)
FNDA:0,createOutboundMovement
FNDA:0,createInboundMovement
FNDA:0,confirmCount
FNDA:0,(anonymous_17)
FNDA:0,(anonymous_18)
FNDA:0,(anonymous_19)
DA:40,0
DA:41,0
DA:47,0
DA:51,0
DA:52,0
DA:55,0
DA:57,0
DA:62,0
DA:64,0
DA:65,0
DA:66,0
DA:67,0
DA:68,0
DA:69,0
DA:71,0
DA:79,0
DA:80,0
DA:82,0
DA:87,0
DA:91,0
DA:92,0
DA:94,0
DA:100,0
DA:103,0
DA:107,0
DA:109,0
DA:110,0
DA:111,0
DA:112,0
DA:119,0
DA:120,0
DA:129,0
DA:133,0
DA:134,0
DA:135,0
DA:138,0
DA:142,0
DA:144,0
DA:147,0
DA:148,0
DA:151,0
DA:155,0
DA:157,0
DA:159,0
DA:160,0
DA:164,0
DA:165,0
DA:171,0
DA:173,0
DA:207,0
DA:211,0
DA:214,0
DA:215,0
DA:218,0
DA:223,0
DA:224,0
DA:226,0
DA:227,0
DA:231,0
DA:241,0
DA:242,0
DA:251,0
DA:252,0
DA:258,0
DA:266,0
DA:269,0
DA:270,0
DA:274,0
DA:276,0
DA:280,0
DA:283,0
DA:286,0
DA:287,0
DA:289,0
DA:290,0
DA:291,0
DA:293,0
DA:295,0
DA:301,0
DA:342,0
DA:357,0
DA:361,0
DA:363,0
DA:400,0
DA:404,0
DA:407,0
DA:408,0
DA:411,0
DA:416,0
DA:418,0
DA:419,0
DA:421,0
DA:422,0
DA:425,0
DA:426,0
DA:430,0
DA:431,0
DA:436,0
DA:437,0
DA:441,0
DA:444,0
DA:451,0
DA:460,0
DA:461,0
DA:465,0
DA:467,0
DA:469,0
DA:473,0
DA:477,0
DA:483,0
DA:489,0
DA:495,0
DA:497,0
DA:502,0
DA:523,0
DA:527,0
DA:532,0
DA:533,0
DA:536,0
DA:541,0
DA:544,0
DA:552,0
DA:557,0
DA:562,0
DA:563,0
DA:564,0
DA:570,0
DA:571,0
DA:578,0
DA:579,0
DA:584,0
DA:588,0
DA:589,0
DA:598,0
DA:600,0
DA:609,0
DA:613,0
DA:629,0
DA:630,0
DA:637,0
DA:666,0
DA:668,0
DA:686,0
DA:687,0
DA:722,0
DA:724,0
DA:747,0
DA:749,0
DA:750,0
DA:751,0
DA:752,0
DA:753,0
DA:756,0
DA:757,0
DA:764,0
DA:765,0
DA:771,0
DA:779,0
DA:787,0
DA:796,0
DA:797,0
DA:799,0
DA:800,0
DA:807,0
DA:808,0
DA:809,0
DA:811,0
DA:816,0
DA:819,0
DA:820,0
DA:821,0
DA:822,0
DA:827,0
DA:831,0
DA:837,0
DA:840,0
DA:844,0
DA:846,0
DA:847,0
DA:848,0
DA:851,0
DA:858,0
DA:860,0
DA:864,0
DA:865,0
DA:877,0
DA:885,0
DA:886,0
DA:887,0
DA:890,0
DA:891,0
DA:897,0
DA:901,0
DA:902,0
DA:905,0
DA:906,0
DA:911,0
DA:913,0
DA:914,0
DA:917,0
DA:925,0
DA:926,0
DA:929,0
DA:935,0
DA:960,0
DA:961,0
DA:962,0
DA:965,0
DA:966,0
DA:971,0
DA:973,0
DA:974,0
DA:977,0
DA:985,0
DA:986,0
DA:989,0
DA:995,0
DA:1022,0
DA:1023,0
DA:1024,0
DA:1027,0
DA:1028,0
DA:1033,0
DA:1034,0
DA:1036,0
DA:1037,0
DA:1040,0
DA:1048,0
DA:1049,0
DA:1052,0
DA:1058,0
DA:1085,0
DA:1087,0
DA:1092,0
DA:1093,0
DA:1097,0
DA:1101,0
DA:1102,0
DA:1103,0
DA:1104,0
DA:1106,0
DA:1114,0
DA:1122,0
DA:1127,0
DA:1129,0
DA:1130,0
DA:1131,0
DA:1133,0
DA:1147,0
DA:1162,0
DA:1165,0
DA:1178,0
DA:1191,0
DA:1206,0
DA:1211,0
DA:1218,0
DA:1221,0
DA:1229,0
DA:1232,0
DA:1255,0
DA:1256,0
DA:1262,0
DA:1265,0
DA:1267,0
DA:1268,0
DA:1269,0
DA:1271,0
DA:1285,0
DA:1300,0
DA:1303,0
DA:1316,0
DA:1329,0
DA:1347,0
DA:1348,0
DA:1350,0
DA:1352,0
DA:1353,0
DA:1356,0
DA:1358,0
DA:1360,0
DA:1361,0
DA:1362,0
DA:1364,0
DA:1378,0
DA:1393,0
DA:1396,0
DA:1409,0
DA:1422,0
DA:1438,0
DA:1439,0
DA:1445,0
DA:1446,0
DA:1447,0
DA:1449,0
DA:1463,0
DA:1478,0
DA:1481,0
DA:1494,0
DA:1507,0
DA:1522,0
DA:1524,0
DA:1531,0
DA:1534,0
DA:1542,0
DA:1545,0
DA:1566,0
DA:1567,0
DA:1571,0
DA:1573,0
DA:1574,0
DA:1575,0
DA:1577,0
DA:1590,0
DA:1605,0
DA:1608,0
DA:1621,0
DA:1633,0
DA:1650,0
DA:1655,0
DA:1659,0
DA:1664,0
DA:1666,0
DA:1670,0
DA:1673,0
DA:1674,0
DA:1675,0
DA:1683,0
DA:1684,0
DA:1685,0
DA:1687,0
DA:1701,0
DA:1716,0
DA:1719,0
DA:1732,0
DA:1745,0
DA:1760,0
DA:1762,0
DA:1769,0
DA:1772,0
DA:1780,0
DA:1783,0
DA:1804,0
DA:1805,0
DA:1810,0
DA:1811,0
DA:1818,0
DA:1819,0
DA:1820,0
DA:1822,0
DA:1837,0
DA:1840,0
DA:1853,0
DA:1869,0
DA:1871,0
DA:1872,0
DA:1885,0
DA:1887,0
DA:1939,0
DA:1947,0
DA:1949,0
DA:1950,0
DA:1951,0
DA:1952,0
DA:1953,0
DA:1958,0
DA:1960,0
DA:1964,0
DA:1967,0
DA:1970,0
DA:1973,0
DA:1974,0
DA:1976,0
DA:1978,0
DA:1980,0
DA:1983,0
DA:1990,0
DA:1993,0
DA:1997,0
DA:2002,0
DA:2006,0
DA:2010,0
DA:2029,0
DA:2035,0
DA:2045,0
DA:2063,0
DA:2066,0
DA:2067,0
DA:2071,0
DA:2091,0
DA:2096,0
DA:2097,0
DA:2100,0
LF:392
LH:0
BRDA:51,0,0,0
BRDA:51,0,1,0
BRDA:51,1,0,0
BRDA:51,1,1,0
BRDA:61,2,0,0
BRDA:61,3,0,0
BRDA:61,4,0,0
BRDA:72,5,0,0
BRDA:72,5,1,0
BRDA:72,5,2,0
BRDA:72,5,3,0
BRDA:72,5,4,0
BRDA:79,6,0,0
BRDA:79,6,1,0
BRDA:82,7,0,0
BRDA:82,7,1,0
BRDA:87,8,0,0
BRDA:87,8,1,0
BRDA:88,9,0,0
BRDA:88,9,1,0
BRDA:91,10,0,0
BRDA:91,10,1,0
BRDA:94,11,0,0
BRDA:94,11,1,0
BRDA:106,12,0,0
BRDA:109,13,0,0
BRDA:109,13,1,0
BRDA:110,14,0,0
BRDA:110,14,1,0
BRDA:111,15,0,0
BRDA:111,15,1,0
BRDA:119,16,0,0
BRDA:119,16,1,0
BRDA:130,17,0,0
BRDA:130,17,1,0
BRDA:142,18,0,0
BRDA:142,18,1,0
BRDA:164,19,0,0
BRDA:164,19,1,0
BRDA:176,20,0,0
BRDA:176,20,1,0
BRDA:179,21,0,0
BRDA:179,21,1,0
BRDA:181,22,0,0
BRDA:181,22,1,0
BRDA:185,23,0,0
BRDA:185,23,1,0
BRDA:190,24,0,0
BRDA:190,24,1,0
BRDA:200,25,0,0
BRDA:200,25,1,0
BRDA:201,26,0,0
BRDA:201,26,1,0
BRDA:238,27,0,0
BRDA:238,27,1,0
BRDA:241,28,0,0
BRDA:241,28,1,0
BRDA:241,29,0,0
BRDA:241,29,1,0
BRDA:241,29,2,0
BRDA:251,30,0,0
BRDA:251,30,1,0
BRDA:269,31,0,0
BRDA:269,31,1,0
BRDA:270,32,0,0
BRDA:270,32,1,0
BRDA:271,33,0,0
BRDA:271,33,1,0
BRDA:276,34,0,0
BRDA:276,34,1,0
BRDA:277,35,0,0
BRDA:277,35,1,0
BRDA:289,36,0,0
BRDA:289,36,1,0
BRDA:293,37,0,0
BRDA:293,37,1,0
BRDA:334,38,0,0
BRDA:334,38,1,0
BRDA:335,39,0,0
BRDA:335,39,1,0
BRDA:336,40,0,0
BRDA:336,40,1,0
BRDA:337,41,0,0
BRDA:337,41,1,0
BRDA:338,42,0,0
BRDA:338,42,1,0
BRDA:341,43,0,0
BRDA:341,43,1,0
BRDA:343,44,0,0
BRDA:343,44,1,0
BRDA:346,45,0,0
BRDA:346,45,1,0
BRDA:349,46,0,0
BRDA:349,46,1,0
BRDA:352,47,0,0
BRDA:352,47,1,0
BRDA:353,48,0,0
BRDA:353,48,1,0
BRDA:354,49,0,0
BRDA:354,49,1,0
BRDA:366,50,0,0
BRDA:366,50,1,0
BRDA:370,51,0,0
BRDA:370,51,1,0
BRDA:373,52,0,0
BRDA:373,52,1,0
BRDA:376,53,0,0
BRDA:376,53,1,0
BRDA:381,54,0,0
BRDA:381,54,1,0
BRDA:393,55,0,0
BRDA:393,55,1,0
BRDA:394,56,0,0
BRDA:394,56,1,0
BRDA:421,57,0,0
BRDA:421,57,1,0
BRDA:425,58,0,0
BRDA:425,58,1,0
BRDA:430,59,0,0
BRDA:430,59,1,0
BRDA:436,60,0,0
BRDA:436,60,1,0
BRDA:460,61,0,0
BRDA:460,61,1,0
BRDA:483,62,0,0
BRDA:483,62,1,0
BRDA:485,63,0,0
BRDA:485,63,1,0
BRDA:495,64,0,0
BRDA:495,64,1,0
BRDA:495,64,2,0
BRDA:504,65,0,0
BRDA:504,65,1,0
BRDA:506,66,0,0
BRDA:506,66,1,0
BRDA:509,67,0,0
BRDA:509,67,1,0
BRDA:511,68,0,0
BRDA:511,68,1,0
BRDA:514,69,0,0
BRDA:514,69,1,0
BRDA:516,70,0,0
BRDA:516,70,1,0
BRDA:519,71,0,0
BRDA:519,71,1,0
BRDA:541,72,0,0
BRDA:544,73,0,0
BRDA:544,73,1,0
BRDA:562,74,0,0
BRDA:562,74,1,0
BRDA:563,75,0,0
BRDA:563,75,1,0
BRDA:570,76,0,0
BRDA:570,76,1,0
BRDA:588,77,0,0
BRDA:588,77,1,0
BRDA:588,78,0,0
BRDA:588,78,1,0
BRDA:603,79,0,0
BRDA:603,79,1,0
BRDA:620,80,0,0
BRDA:622,81,0,0
BRDA:623,82,0,0
BRDA:625,83,0,0
BRDA:626,84,0,0
BRDA:627,85,0,0
BRDA:676,86,0,0
BRDA:679,87,0,0
BRDA:680,88,0,0
BRDA:682,89,0,0
BRDA:683,90,0,0
BRDA:684,91,0,0
BRDA:695,92,0,0
BRDA:695,92,1,0
BRDA:705,93,0,0
BRDA:705,93,1,0
BRDA:708,94,0,0
BRDA:708,94,1,0
BRDA:756,95,0,0
BRDA:756,95,1,0
BRDA:764,96,0,0
BRDA:764,96,1,0
BRDA:831,97,0,0
BRDA:831,97,1,0
BRDA:833,98,0,0
BRDA:833,98,1,0
BRDA:840,99,0,0
BRDA:840,99,1,0
BRDA:840,100,0,0
BRDA:840,100,1,0
BRDA:844,101,0,0
BRDA:844,101,1,0
BRDA:860,102,0,0
BRDA:860,102,1,0
BRDA:861,103,0,0
BRDA:861,103,1,0
BRDA:861,103,2,0
BRDA:864,104,0,0
BRDA:864,104,1,0
BRDA:868,105,0,0
BRDA:868,105,1,0
BRDA:885,106,0,0
BRDA:885,106,1,0
BRDA:885,107,0,0
BRDA:885,107,1,0
BRDA:886,108,0,0
BRDA:886,108,1,0
BRDA:886,109,0,0
BRDA:886,109,1,0
BRDA:891,110,0,0
BRDA:891,110,1,0
BRDA:893,111,0,0
BRDA:893,111,1,0
BRDA:897,112,0,0
BRDA:897,112,1,0
BRDA:905,113,0,0
BRDA:905,113,1,0
BRDA:906,114,0,0
BRDA:906,114,1,0
BRDA:907,115,0,0
BRDA:907,115,1,0
BRDA:907,115,2,0
BRDA:912,116,0,0
BRDA:912,116,1,0
BRDA:917,117,0,0
BRDA:917,117,1,0
BRDA:917,118,0,0
BRDA:917,118,1,0
BRDA:919,119,0,0
BRDA:919,119,1,0
BRDA:921,120,0,0
BRDA:921,120,1,0
BRDA:925,121,0,0
BRDA:925,121,1,0
BRDA:932,122,0,0
BRDA:932,122,1,0
BRDA:941,123,0,0
BRDA:941,123,1,0
BRDA:945,124,0,0
BRDA:945,124,1,0
BRDA:945,125,0,0
BRDA:945,125,1,0
BRDA:951,126,0,0
BRDA:951,126,1,0
BRDA:952,127,0,0
BRDA:952,127,1,0
BRDA:953,128,0,0
BRDA:953,128,1,0
BRDA:954,129,0,0
BRDA:954,129,1,0
BRDA:960,130,0,0
BRDA:960,130,1,0
BRDA:960,131,0,0
BRDA:960,131,1,0
BRDA:965,132,0,0
BRDA:965,132,1,0
BRDA:966,133,0,0
BRDA:966,133,1,0
BRDA:967,134,0,0
BRDA:967,134,1,0
BRDA:967,134,2,0
BRDA:972,135,0,0
BRDA:972,135,1,0
BRDA:977,136,0,0
BRDA:977,136,1,0
BRDA:977,137,0,0
BRDA:977,137,1,0
BRDA:979,138,0,0
BRDA:979,138,1,0
BRDA:981,139,0,0
BRDA:981,139,1,0
BRDA:985,140,0,0
BRDA:985,140,1,0
BRDA:992,141,0,0
BRDA:992,141,1,0
BRDA:1001,142,0,0
BRDA:1001,142,1,0
BRDA:1005,143,0,0
BRDA:1005,143,1,0
BRDA:1005,144,0,0
BRDA:1005,144,1,0
BRDA:1011,145,0,0
BRDA:1011,145,1,0
BRDA:1012,146,0,0
BRDA:1012,146,1,0
BRDA:1014,147,0,0
BRDA:1014,147,1,0
BRDA:1015,148,0,0
BRDA:1015,148,1,0
BRDA:1022,149,0,0
BRDA:1022,149,1,0
BRDA:1022,150,0,0
BRDA:1022,150,1,0
BRDA:1027,151,0,0
BRDA:1027,151,1,0
BRDA:1028,152,0,0
BRDA:1028,152,1,0
BRDA:1029,153,0,0
BRDA:1029,153,1,0
BRDA:1029,153,2,0
BRDA:1035,154,0,0
BRDA:1035,154,1,0
BRDA:1040,155,0,0
BRDA:1040,155,1,0
BRDA:1040,156,0,0
BRDA:1040,156,1,0
BRDA:1042,157,0,0
BRDA:1042,157,1,0
BRDA:1044,158,0,0
BRDA:1044,158,1,0
BRDA:1048,159,0,0
BRDA:1048,159,1,0
BRDA:1055,160,0,0
BRDA:1055,160,1,0
BRDA:1064,161,0,0
BRDA:1064,161,1,0
BRDA:1068,162,0,0
BRDA:1068,162,1,0
BRDA:1068,163,0,0
BRDA:1068,163,1,0
BRDA:1074,164,0,0
BRDA:1074,164,1,0
BRDA:1075,165,0,0
BRDA:1075,165,1,0
BRDA:1077,166,0,0
BRDA:1077,166,1,0
BRDA:1078,167,0,0
BRDA:1078,167,1,0
BRDA:1085,168,0,0
BRDA:1085,168,1,0
BRDA:1085,169,0,0
BRDA:1085,169,1,0
BRDA:1092,170,0,0
BRDA:1092,170,1,0
BRDA:1106,171,0,0
BRDA:1106,171,1,0
BRDA:1107,172,0,0
BRDA:1107,172,1,0
BRDA:1110,173,0,0
BRDA:1110,173,1,0
BRDA:1114,174,0,0
BRDA:1114,174,1,0
BRDA:1115,175,0,0
BRDA:1115,175,1,0
BRDA:1118,176,0,0
BRDA:1118,176,1,0
BRDA:1127,177,0,0
BRDA:1127,177,1,0
BRDA:1129,178,0,0
BRDA:1129,178,1,0
BRDA:1206,179,0,0
BRDA:1206,179,1,0
BRDA:1218,180,0,0
BRDA:1218,180,1,0
BRDA:1229,181,0,0
BRDA:1229,181,1,0
BRDA:1237,182,0,0
BRDA:1237,182,1,0
BRDA:1255,183,0,0
BRDA:1255,183,1,0
BRDA:1265,184,0,0
BRDA:1265,184,1,0
BRDA:1267,185,0,0
BRDA:1267,185,1,0
BRDA:1347,186,0,0
BRDA:1347,186,1,0
BRDA:1348,187,0,0
BRDA:1348,187,1,0
BRDA:1350,188,0,0
BRDA:1350,188,1,0
BRDA:1358,189,0,0
BRDA:1358,189,1,0
BRDA:1360,190,0,0
BRDA:1360,190,1,0
BRDA:1438,191,0,0
BRDA:1438,191,1,0
BRDA:1445,192,0,0
BRDA:1445,192,1,0
BRDA:1522,193,0,0
BRDA:1522,193,1,0
BRDA:1531,194,0,0
BRDA:1531,194,1,0
BRDA:1542,195,0,0
BRDA:1542,195,1,0
BRDA:1566,196,0,0
BRDA:1566,196,1,0
BRDA:1571,197,0,0
BRDA:1571,197,1,0
BRDA:1573,198,0,0
BRDA:1573,198,1,0
BRDA:1650,199,0,0
BRDA:1650,199,1,0
BRDA:1651,200,0,0
BRDA:1651,200,1,0
BRDA:1651,200,2,0
BRDA:1666,201,0,0
BRDA:1666,201,1,0
BRDA:1667,202,0,0
BRDA:1667,202,1,0
BRDA:1667,202,2,0
BRDA:1673,203,0,0
BRDA:1673,203,1,0
BRDA:1674,204,0,0
BRDA:1674,204,1,0
BRDA:1683,205,0,0
BRDA:1683,205,1,0
BRDA:1760,206,0,0
BRDA:1760,206,1,0
BRDA:1769,207,0,0
BRDA:1769,207,1,0
BRDA:1780,208,0,0
BRDA:1780,208,1,0
BRDA:1788,209,0,0
BRDA:1788,209,1,0
BRDA:1804,210,0,0
BRDA:1804,210,1,0
BRDA:1810,211,0,0
BRDA:1810,211,1,0
BRDA:1818,212,0,0
BRDA:1818,212,1,0
BRDA:1871,213,0,0
BRDA:1871,213,1,0
BRDA:1876,214,0,0
BRDA:1876,214,1,0
BRDA:1877,215,0,0
BRDA:1877,215,1,0
BRDA:1891,216,0,0
BRDA:1891,216,1,0
BRDA:1894,217,0,0
BRDA:1894,217,1,0
BRDA:1896,218,0,0
BRDA:1896,218,1,0
BRDA:1900,219,0,0
BRDA:1900,219,1,0
BRDA:1900,220,0,0
BRDA:1900,220,1,0
BRDA:1900,220,2,0
BRDA:1905,221,0,0
BRDA:1905,221,1,0
BRDA:1905,222,0,0
BRDA:1905,222,1,0
BRDA:1905,222,2,0
BRDA:1908,223,0,0
BRDA:1908,223,1,0
BRDA:1911,224,0,0
BRDA:1911,224,1,0
BRDA:1912,225,0,0
BRDA:1912,225,1,0
BRDA:1914,226,0,0
BRDA:1914,226,1,0
BRDA:1915,227,0,0
BRDA:1915,227,1,0
BRDA:1916,228,0,0
BRDA:1916,228,1,0
BRDA:1917,229,0,0
BRDA:1917,229,1,0
BRDA:1923,230,0,0
BRDA:1923,230,1,0
BRDA:1923,231,0,0
BRDA:1923,231,1,0
BRDA:1925,232,0,0
BRDA:1925,232,1,0
BRDA:1926,233,0,0
BRDA:1926,233,1,0
BRDA:1927,234,0,0
BRDA:1927,234,1,0
BRDA:1949,235,0,0
BRDA:1949,235,1,0
BRDA:1951,236,0,0
BRDA:1951,236,1,0
BRDA:1958,237,0,0
BRDA:1958,237,1,0
BRDA:1961,238,0,0
BRDA:1961,238,1,0
BRDA:1964,239,0,0
BRDA:1964,239,1,0
BRDA:1967,240,0,0
BRDA:1967,240,1,0
BRDA:1970,241,0,0
BRDA:1970,241,1,0
BRDA:1973,242,0,0
BRDA:1973,242,1,0
BRDA:1974,243,0,0
BRDA:1974,243,1,0
BRDA:1976,244,0,0
BRDA:1976,244,1,0
BRDA:1976,245,0,0
BRDA:1976,245,1,0
BRDA:1978,246,0,0
BRDA:1978,246,1,0
BRDA:1978,247,0,0
BRDA:1978,247,1,0
BRDA:1980,248,0,0
BRDA:1980,248,1,0
BRDA:1980,249,0,0
BRDA:1980,249,1,0
BRDA:1983,250,0,0
BRDA:1983,250,1,0
BRDA:1985,251,0,0
BRDA:1985,251,1,0
BRDA:1987,252,0,0
BRDA:1987,252,1,0
BRDA:1990,253,0,0
BRDA:1990,253,1,0
BRDA:1993,254,0,0
BRDA:1993,254,1,0
BRDA:1993,255,0,0
BRDA:1993,255,1,0
BRDA:1997,256,0,0
BRDA:1997,256,1,0
BRDA:1997,257,0,0
BRDA:1997,257,1,0
BRDA:2002,258,0,0
BRDA:2002,258,1,0
BRDA:2002,259,0,0
BRDA:2002,259,1,0
BRDA:2006,260,0,0
BRDA:2006,260,1,0
BRDA:2006,261,0,0
BRDA:2006,261,1,0
BRDA:2016,262,0,0
BRDA:2016,262,1,0
BRDA:2035,263,0,0
BRDA:2035,263,1,0
BRDA:2036,264,0,0
BRDA:2036,264,1,0
BRDA:2036,264,2,0
BRDA:2036,264,3,0
BRDA:2036,264,4,0
BRDA:2036,264,5,0
BRDA:2036,265,0,0
BRDA:2036,265,1,0
BRDA:2063,266,0,0
BRDA:2063,266,1,0
BRDA:2063,267,0,0
BRDA:2063,267,1,0
BRDA:2066,268,0,0
BRDA:2066,268,1,0
BRDA:2080,269,0,0
BRDA:2080,269,1,0
BRDA:2080,270,0,0
BRDA:2080,270,1,0
BRDA:2084,271,0,0
BRDA:2084,271,1,0
BRF:544
BRH:0
end_of_record
TN:
SF:server/controllers/inboundOrder.js
FN:26,filterByStatus
FN:27,(anonymous_1)
FN:30,groupByArray
FN:31,(anonymous_3)
FN:33,(anonymous_4)
FN:44,undoProductCheck
FN:175,updateOrderStatus
FN:184,(anonymous_7)
FN:185,(anonymous_8)
FN:223,getInboundOrder
FN:292,getAllInboundOrders
FN:310,(anonymous_11)
FN:374,undoInboundOrderCheck
FN:378,(anonymous_13)
FN:388,(anonymous_14)
FN:389,(anonymous_15)
FN:419,undoInboundOrderProductCheck
FN:423,(anonymous_17)
FN:454,assignCheckUser
FN:479,getBranchUsers
FN:506,getInboundOrderProducts
FN:525,(anonymous_21)
FN:553,getBaptismLabelProducts
FN:578,(anonymous_23)
FN:612,updateNote
FN:636,updateOrderNote
FN:661,cancelOrder
FN:673,(anonymous_27)
FN:743,listingByDateInboundOrderProducts
FN:826,getInboundOrdersOnly
FN:922,getListInboundOrderProducts
FN:985,getListInboundOrderProductPartial
FN:1028,getListInboundOrderProductLots
FN:1072,inboundOrderProgress
FN:1073,(anonymous_34)
FN:1079,getInfoCheckedCharts
FN:1092,(anonymous_36)
FN:1102,(anonymous_37)
FN:1241,getAllInfoCharts
FN:1243,(anonymous_39)
FN:1320,getInboundOrdersDashboardInfo
FN:1350,(anonymous_41)
FN:1400,(anonymous_42)
FN:1424,getInboundOrdersReceiptOverview
FN:1455,(anonymous_44)
FN:1467,(anonymous_45)
FN:1485,(anonymous_46)
FN:1486,(anonymous_47)
FN:1518,averageTimeBarChart
FN:1617,averageTimeHistoryChart
FN:1620,(anonymous_50)
FN:1630,(anonymous_51)
FN:1638,(anonymous_52)
FN:1762,getInboundOrdersAverageTimes
FN:1793,(anonymous_54)
FN:1805,(anonymous_55)
FN:1816,(anonymous_56)
FN:1817,(anonymous_57)
FN:1849,(anonymous_58)
FN:1883,(anonymous_59)
FN:1888,(anonymous_60)
FN:1895,(anonymous_61)
FN:1900,(anonymous_62)
FN:1907,(anonymous_63)
FN:1912,(anonymous_64)
FN:1919,(anonymous_65)
FN:1924,(anonymous_66)
FNF:67
FNH:0
FNDA:0,filterByStatus
FNDA:0,(anonymous_1)
FNDA:0,groupByArray
FNDA:0,(anonymous_3)
FNDA:0,(anonymous_4)
FNDA:0,undoProductCheck
FNDA:0,updateOrderStatus
FNDA:0,(anonymous_7)
FNDA:0,(anonymous_8)
FNDA:0,getInboundOrder
FNDA:0,getAllInboundOrders
FNDA:0,(anonymous_11)
FNDA:0,undoInboundOrderCheck
FNDA:0,(anonymous_13)
FNDA:0,(anonymous_14)
FNDA:0,(anonymous_15)
FNDA:0,undoInboundOrderProductCheck
FNDA:0,(anonymous_17)
FNDA:0,assignCheckUser
FNDA:0,getBranchUsers
FNDA:0,getInboundOrderProducts
FNDA:0,(anonymous_21)
FNDA:0,getBaptismLabelProducts
FNDA:0,(anonymous_23)
FNDA:0,updateNote
FNDA:0,updateOrderNote
FNDA:0,cancelOrder
FNDA:0,(anonymous_27)
FNDA:0,listingByDateInboundOrderProducts
FNDA:0,getInboundOrdersOnly
FNDA:0,getListInboundOrderProducts
FNDA:0,getListInboundOrderProductPartial
FNDA:0,getListInboundOrderProductLots
FNDA:0,inboundOrderProgress
FNDA:0,(anonymous_34)
FNDA:0,getInfoCheckedCharts
FNDA:0,(anonymous_36)
FNDA:0,(anonymous_37)
FNDA:0,getAllInfoCharts
FNDA:0,(anonymous_39)
FNDA:0,getInboundOrdersDashboardInfo
FNDA:0,(anonymous_41)
FNDA:0,(anonymous_42)
FNDA:0,getInboundOrdersReceiptOverview
FNDA:0,(anonymous_44)
FNDA:0,(anonymous_45)
FNDA:0,(anonymous_46)
FNDA:0,(anonymous_47)
FNDA:0,averageTimeBarChart
FNDA:0,averageTimeHistoryChart
FNDA:0,(anonymous_50)
FNDA:0,(anonymous_51)
FNDA:0,(anonymous_52)
FNDA:0,getInboundOrdersAverageTimes
FNDA:0,(anonymous_54)
FNDA:0,(anonymous_55)
FNDA:0,(anonymous_56)
FNDA:0,(anonymous_57)
FNDA:0,(anonymous_58)
FNDA:0,(anonymous_59)
FNDA:0,(anonymous_60)
FNDA:0,(anonymous_61)
FNDA:0,(anonymous_62)
FNDA:0,(anonymous_63)
FNDA:0,(anonymous_64)
FNDA:0,(anonymous_65)
FNDA:0,(anonymous_66)
DA:27,0
DA:31,0
DA:32,0
DA:33,0
DA:35,0
DA:36,0
DA:38,0
DA:40,0
DA:45,0
DA:47,0
DA:54,0
DA:61,0
DA:69,0
DA:80,0
DA:91,0
DA:102,0
DA:113,0
DA:124,0
DA:134,0
DA:149,0
DA:155,0
DA:160,0
DA:167,0
DA:170,0
DA:171,0
DA:177,0
DA:184,0
DA:185,0
DA:187,0
DA:188,0
DA:204,0
DA:205,0
DA:220,0
DA:224,0
DA:226,0
DA:227,0
DA:234,0
DA:277,0
DA:281,0
DA:284,0
DA:285,0
DA:288,0
DA:293,0
DA:294,0
DA:295,0
DA:296,0
DA:297,0
DA:305,0
DA:310,0
DA:311,0
DA:359,0
DA:363,0
DA:366,0
DA:367,0
DA:370,0
DA:375,0
DA:377,0
DA:378,0
DA:380,0
DA:387,0
DA:388,0
DA:389,0
DA:391,0
DA:393,0
DA:397,0
DA:398,0
DA:401,0
DA:404,0
DA:408,0
DA:411,0
DA:412,0
DA:415,0
DA:420,0
DA:422,0
DA:423,0
DA:425,0
DA:432,0
DA:434,0
DA:436,0
DA:439,0
DA:443,0
DA:446,0
DA:447,0
DA:450,0
DA:455,0
DA:457,0
DA:458,0
DA:463,0
DA:467,0
DA:470,0
DA:471,0
DA:475,0
DA:480,0
DA:482,0
DA:483,0
DA:490,0
DA:494,0
DA:497,0
DA:498,0
DA:502,0
DA:507,0
DA:508,0
DA:510,0
DA:511,0
DA:512,0
DA:514,0
DA:519,0
DA:520,0
DA:521,0
DA:525,0
DA:535,0
DA:541,0
DA:544,0
DA:545,0
DA:549,0
DA:554,0
DA:556,0
DA:558,0
DA:559,0
DA:564,0
DA:570,0
DA:577,0
DA:578,0
DA:590,0
DA:595,0
DA:600,0
DA:603,0
DA:604,0
DA:608,0
DA:613,0
DA:614,0
DA:615,0
DA:617,0
DA:621,0
DA:625,0
DA:628,0
DA:629,0
DA:632,0
DA:637,0
DA:638,0
DA:640,0
DA:641,0
DA:645,0
DA:650,0
DA:653,0
DA:654,0
DA:657,0
DA:662,0
DA:663,0
DA:665,0
DA:666,0
DA:670,0
DA:672,0
DA:673,0
DA:674,0
DA:680,0
DA:685,0
DA:687,0
DA:697,0
DA:709,0
DA:723,0
DA:726,0
DA:728,0
DA:731,0
DA:735,0
DA:736,0
DA:739,0
DA:744,0
DA:746,0
DA:747,0
DA:748,0
DA:752,0
DA:754,0
DA:758,0
DA:759,0
DA:760,0
DA:761,0
DA:763,0
DA:812,0
DA:817,0
DA:821,0
DA:822,0
DA:827,0
DA:828,0
DA:829,0
DA:837,0
DA:841,0
DA:843,0
DA:844,0
DA:911,0
DA:914,0
DA:915,0
DA:918,0
DA:923,0
DA:924,0
DA:926,0
DA:932,0
DA:934,0
DA:935,0
DA:974,0
DA:977,0
DA:978,0
DA:981,0
DA:986,0
DA:988,0
DA:990,0
DA:993,0
DA:995,0
DA:996,0
DA:1017,0
DA:1020,0
DA:1021,0
DA:1024,0
DA:1029,0
DA:1031,0
DA:1033,0
DA:1037,0
DA:1039,0
DA:1040,0
DA:1061,0
DA:1064,0
DA:1065,0
DA:1068,0
DA:1073,0
DA:1075,0
DA:1076,0
DA:1080,0
DA:1084,0
DA:1085,0
DA:1086,0
DA:1088,0
DA:1089,0
DA:1092,0
DA:1093,0
DA:1096,0
DA:1097,0
DA:1098,0
DA:1101,0
DA:1103,0
DA:1108,0
DA:1110,0
DA:1242,0
DA:1243,0
DA:1246,0
DA:1247,0
DA:1248,0
DA:1249,0
DA:1250,0
DA:1251,0
DA:1253,0
DA:1329,0
DA:1331,0
DA:1332,0
DA:1333,0
DA:1334,0
DA:1342,0
DA:1343,0
DA:1346,0
DA:1350,0
DA:1352,0
DA:1355,0
DA:1357,0
DA:1372,0
DA:1379,0
DA:1383,0
DA:1384,0
DA:1389,0
DA:1394,0
DA:1399,0
DA:1400,0
DA:1401,0
DA:1407,0
DA:1410,0
DA:1416,0
DA:1417,0
DA:1420,0
DA:1431,0
DA:1433,0
DA:1435,0
DA:1437,0
DA:1438,0
DA:1446,0
DA:1447,0
DA:1449,0
DA:1454,0
DA:1455,0
DA:1456,0
DA:1463,0
DA:1467,0
DA:1469,0
DA:1473,0
DA:1477,0
DA:1484,0
DA:1485,0
DA:1487,0
DA:1489,0
DA:1491,0
DA:1494,0
DA:1496,0
DA:1499,0
DA:1510,0
DA:1511,0
DA:1514,0
DA:1523,0
DA:1525,0
DA:1618,0
DA:1619,0
DA:1620,0
DA:1621,0
DA:1622,0
DA:1624,0
DA:1625,0
DA:1627,0
DA:1630,0
DA:1631,0
DA:1633,0
DA:1634,0
DA:1635,0
DA:1638,0
DA:1639,0
DA:1641,0
DA:1770,0
DA:1772,0
DA:1773,0
DA:1775,0
DA:1776,0
DA:1784,0
DA:1785,0
DA:1787,0
DA:1792,0
DA:1793,0
DA:1794,0
DA:1801,0
DA:1805,0
DA:1807,0
DA:1810,0
DA:1811,0
DA:1812,0
DA:1813,0
DA:1814,0
DA:1816,0
DA:1817,0
DA:1818,0
DA:1819,0
DA:1823,0
DA:1829,0
DA:1830,0
DA:1835,0
DA:1836,0
DA:1841,0
DA:1842,0
DA:1849,0
DA:1850,0
DA:1851,0
DA:1855,0
DA:1861,0
DA:1862,0
DA:1867,0
DA:1868,0
DA:1873,0
DA:1874,0
DA:1880,0
DA:1883,0
DA:1888,0
DA:1892,0
DA:1895,0
DA:1900,0
DA:1904,0
DA:1907,0
DA:1912,0
DA:1916,0
DA:1919,0
DA:1924,0
DA:1928,0
DA:1975,0
DA:2000,0
DA:2008,0
DA:2019,0
DA:2039,0
DA:2040,0
DA:2043,0
LF:381
LH:0
BRDA:33,0,0,0
BRDA:33,0,1,0
BRDA:35,1,0,0
BRDA:35,1,1,0
BRDA:187,2,0,0
BRDA:187,2,1,0
BRDA:204,3,0,0
BRDA:204,3,1,0
BRDA:237,4,0,0
BRDA:237,4,1,0
BRDA:241,5,0,0
BRDA:241,5,1,0
BRDA:250,6,0,0
BRDA:250,6,1,0
BRDA:296,7,0,0
BRDA:296,7,1,0
BRDA:296,8,0,0
BRDA:296,8,1,0
BRDA:314,9,0,0
BRDA:314,9,1,0
BRDA:318,10,0,0
BRDA:318,10,1,0
BRDA:327,11,0,0
BRDA:327,11,1,0
BRDA:397,12,0,0
BRDA:397,12,1,0
BRDA:397,13,0,0
BRDA:397,13,1,0
BRDA:520,14,0,0
BRDA:520,14,1,0
BRDA:520,15,0,0
BRDA:520,15,1,0
BRDA:526,16,0,0
BRDA:526,16,1,0
BRDA:527,17,0,0
BRDA:527,17,1,0
BRDA:528,18,0,0
BRDA:528,18,1,0
BRDA:529,19,0,0
BRDA:529,19,1,0
BRDA:529,19,2,0
BRDA:530,20,0,0
BRDA:530,20,1,0
BRDA:530,20,2,0
BRDA:537,21,0,0
BRDA:537,21,1,0
BRDA:672,22,0,0
BRDA:672,22,1,0
BRDA:758,23,0,0
BRDA:758,23,1,0
BRDA:771,24,0,0
BRDA:771,24,1,0
BRDA:772,25,0,0
BRDA:772,25,1,0
BRDA:773,26,0,0
BRDA:773,26,1,0
BRDA:775,27,0,0
BRDA:775,27,1,0
BRDA:775,28,0,0
BRDA:775,28,1,0
BRDA:779,29,0,0
BRDA:779,29,1,0
BRDA:782,30,0,0
BRDA:782,30,1,0
BRDA:783,31,0,0
BRDA:783,31,1,0
BRDA:786,32,0,0
BRDA:786,32,1,0
BRDA:787,33,0,0
BRDA:787,33,1,0
BRDA:791,34,0,0
BRDA:791,34,1,0
BRDA:791,35,0,0
BRDA:791,35,1,0
BRDA:794,36,0,0
BRDA:794,36,1,0
BRDA:796,37,0,0
BRDA:796,37,1,0
BRDA:796,38,0,0
BRDA:796,38,1,0
BRDA:799,39,0,0
BRDA:799,39,1,0
BRDA:804,40,0,0
BRDA:804,40,1,0
BRDA:804,41,0,0
BRDA:804,41,1,0
BRDA:865,42,0,0
BRDA:865,42,1,0
BRDA:865,43,0,0
BRDA:865,43,1,0
BRDA:869,44,0,0
BRDA:869,44,1,0
BRDA:869,45,0,0
BRDA:869,45,1,0
BRDA:874,46,0,0
BRDA:874,46,1,0
BRDA:874,47,0,0
BRDA:874,47,1,0
BRDA:879,48,0,0
BRDA:879,48,1,0
BRDA:879,49,0,0
BRDA:879,49,1,0
BRDA:884,50,0,0
BRDA:884,50,1,0
BRDA:884,51,0,0
BRDA:884,51,1,0
BRDA:889,52,0,0
BRDA:889,52,1,0
BRDA:889,53,0,0
BRDA:889,53,1,0
BRDA:894,54,0,0
BRDA:894,54,1,0
BRDA:894,55,0,0
BRDA:894,55,1,0
BRDA:899,56,0,0
BRDA:899,56,1,0
BRDA:899,57,0,0
BRDA:899,57,1,0
BRDA:903,58,0,0
BRDA:903,58,1,0
BRDA:945,59,0,0
BRDA:945,59,1,0
BRDA:945,60,0,0
BRDA:945,60,1,0
BRDA:957,61,0,0
BRDA:957,61,1,0
BRDA:957,62,0,0
BRDA:957,62,1,0
BRDA:962,63,0,0
BRDA:962,63,1,0
BRDA:962,64,0,0
BRDA:962,64,1,0
BRDA:967,65,0,0
BRDA:967,65,1,0
BRDA:967,66,0,0
BRDA:967,66,1,0
BRDA:998,67,0,0
BRDA:998,67,1,0
BRDA:998,68,0,0
BRDA:998,68,1,0
BRDA:1002,69,0,0
BRDA:1002,69,1,0
BRDA:1002,70,0,0
BRDA:1002,70,1,0
BRDA:1006,71,0,0
BRDA:1006,71,1,0
BRDA:1006,72,0,0
BRDA:1006,72,1,0
BRDA:1006,72,2,0
BRDA:1048,73,0,0
BRDA:1048,73,1,0
BRDA:1053,74,0,0
BRDA:1053,74,1,0
BRDA:1053,75,0,0
BRDA:1053,75,1,0
BRDA:1072,76,0,0
BRDA:1076,77,0,0
BRDA:1076,77,1,0
BRDA:1101,78,0,0
BRDA:1101,78,1,0
BRDA:1108,79,0,0
BRDA:1108,79,1,0
BRDA:1118,80,0,0
BRDA:1118,80,1,0
BRDA:1255,81,0,0
BRDA:1255,81,1,0
BRDA:1256,82,0,0
BRDA:1256,82,1,0
BRDA:1257,83,0,0
BRDA:1257,83,1,0
BRDA:1258,84,0,0
BRDA:1258,84,1,0
BRDA:1259,85,0,0
BRDA:1259,85,1,0
BRDA:1260,86,0,0
BRDA:1260,86,1,0
BRDA:1267,87,0,0
BRDA:1267,87,1,0
BRDA:1268,88,0,0
BRDA:1268,88,1,0
BRDA:1269,89,0,0
BRDA:1269,89,1,0
BRDA:1270,90,0,0
BRDA:1270,90,1,0
BRDA:1271,91,0,0
BRDA:1271,91,1,0
BRDA:1272,92,0,0
BRDA:1272,92,1,0
BRDA:1275,93,0,0
BRDA:1275,93,1,0
BRDA:1278,94,0,0
BRDA:1278,94,1,0
BRDA:1281,95,0,0
BRDA:1281,95,1,0
BRDA:1284,96,0,0
BRDA:1284,96,1,0
BRDA:1287,97,0,0
BRDA:1287,97,1,0
BRDA:1290,98,0,0
BRDA:1290,98,1,0
BRDA:1342,99,0,0
BRDA:1342,99,1,0
BRDA:1343,100,0,0
BRDA:1343,100,1,0
BRDA:1347,101,0,0
BRDA:1347,101,1,0
BRDA:1355,102,0,0
BRDA:1355,102,1,0
BRDA:1368,103,0,0
BRDA:1368,103,1,0
BRDA:1380,104,0,0
BRDA:1380,104,1,0
BRDA:1446,105,0,0
BRDA:1446,105,1,0
BRDA:1447,106,0,0
BRDA:1447,106,1,0
BRDA:1464,107,0,0
BRDA:1464,107,1,0
BRDA:1474,108,0,0
BRDA:1474,108,1,0
BRDA:1485,109,0,0
BRDA:1485,109,1,0
BRDA:1527,110,0,0
BRDA:1527,110,1,0
BRDA:1539,111,0,0
BRDA:1539,111,1,0
BRDA:1547,112,0,0
BRDA:1547,112,1,0
BRDA:1621,113,0,0
BRDA:1621,113,1,0
BRDA:1643,114,0,0
BRDA:1643,114,1,0
BRDA:1653,115,0,0
BRDA:1653,115,1,0
BRDA:1784,116,0,0
BRDA:1784,116,1,0
BRDA:1785,117,0,0
BRDA:1785,117,1,0
BRDA:1802,118,0,0
BRDA:1802,118,1,0
BRDA:1818,119,0,0
BRDA:1818,119,1,0
BRDA:1818,120,0,0
BRDA:1818,120,1,0
BRDA:1820,121,0,0
BRDA:1820,121,1,0
BRDA:1825,122,0,0
BRDA:1825,122,1,0
BRDA:1829,123,0,0
BRDA:1829,123,1,0
BRDA:1829,124,0,0
BRDA:1829,124,1,0
BRDA:1831,125,0,0
BRDA:1831,125,1,0
BRDA:1835,126,0,0
BRDA:1835,126,1,0
BRDA:1835,127,0,0
BRDA:1835,127,1,0
BRDA:1837,128,0,0
BRDA:1837,128,1,0
BRDA:1841,129,0,0
BRDA:1841,129,1,0
BRDA:1841,130,0,0
BRDA:1841,130,1,0
BRDA:1843,131,0,0
BRDA:1843,131,1,0
BRDA:1850,132,0,0
BRDA:1850,132,1,0
BRDA:1850,133,0,0
BRDA:1850,133,1,0
BRDA:1852,134,0,0
BRDA:1852,134,1,0
BRDA:1857,135,0,0
BRDA:1857,135,1,0
BRDA:1861,136,0,0
BRDA:1861,136,1,0
BRDA:1861,137,0,0
BRDA:1861,137,1,0
BRDA:1863,138,0,0
BRDA:1863,138,1,0
BRDA:1867,139,0,0
BRDA:1867,139,1,0
BRDA:1867,140,0,0
BRDA:1867,140,1,0
BRDA:1869,141,0,0
BRDA:1869,141,1,0
BRDA:1873,142,0,0
BRDA:1873,142,1,0
BRDA:1873,143,0,0
BRDA:1873,143,1,0
BRDA:1875,144,0,0
BRDA:1875,144,1,0
BRDA:1882,145,0,0
BRDA:1882,145,1,0
BRDA:1887,146,0,0
BRDA:1887,146,1,0
BRDA:1894,147,0,0
BRDA:1894,147,1,0
BRDA:1899,148,0,0
BRDA:1899,148,1,0
BRDA:1906,149,0,0
BRDA:1906,149,1,0
BRDA:1911,150,0,0
BRDA:1911,150,1,0
BRDA:1918,151,0,0
BRDA:1918,151,1,0
BRDA:1923,152,0,0
BRDA:1923,152,1,0
BRF:308
BRH:0
end_of_record
TN:
SF:server/controllers/inboundOrderAdd.js
FN:16,createInboundOrder
FN:83,(anonymous_1)
FN:117,updateInboundOrder
FN:178,(anonymous_3)
FN:220,getProduct
FN:248,getSuppliers
FN:293,getBaseInfo
FNF:7
FNH:7
FNDA:3,createInboundOrder
FNDA:2,(anonymous_1)
FNDA:2,updateInboundOrder
FNDA:1,(anonymous_3)
FNDA:3,getProduct
FNDA:3,getSuppliers
FNDA:2,getBaseInfo
DA:40,3
DA:42,3
DA:43,3
DA:44,2
DA:48,2
DA:52,2
DA:79,2
DA:83,2
DA:84,2
DA:99,2
DA:101,2
DA:106,2
DA:109,1
DA:110,1
DA:113,1
DA:118,2
DA:144,2
DA:146,2
DA:172,2
DA:173,2
DA:178,1
DA:180,1
DA:185,1
DA:196,1
DA:201,1
DA:204,1
DA:209,1
DA:212,1
DA:213,1
DA:216,1
DA:221,3
DA:223,3
DA:224,3
DA:228,2
DA:231,2
DA:233,2
DA:237,2
DA:240,1
DA:241,1
DA:244,1
DA:249,3
DA:251,3
DA:252,3
DA:254,3
DA:255,1
DA:259,1
DA:263,1
DA:265,2
DA:275,2
DA:277,1
DA:281,1
DA:285,1
DA:286,1
DA:289,1
DA:294,2
DA:295,2
DA:296,1
DA:299,1
DA:301,1
DA:309,1
DA:312,1
DA:313,1
DA:316,1
LF:63
LH:63
BRDA:48,0,0,1
BRDA:48,0,1,1
BRDA:62,1,0,2
BRDA:62,1,1,0
BRDA:229,2,0,1
BRDA:229,2,1,1
BRDA:254,3,0,1
BRDA:254,3,1,2
BRF:8
BRH:7
end_of_record
TN:
SF:server/controllers/inboundOrderPanel.js
FN:8,groupByArray
FN:9,(anonymous_1)
FN:11,(anonymous_2)
FN:22,getInfoCard1
FN:25,(anonymous_4)
FN:27,(anonymous_5)
FN:54,getInfoCard2
FN:56,(anonymous_7)
FN:60,(anonymous_8)
FN:63,(anonymous_9)
FN:66,(anonymous_10)
FN:76,(anonymous_11)
FN:88,(anonymous_12)
FN:117,getInfoCard3
FN:119,(anonymous_14)
FN:123,(anonymous_15)
FN:126,(anonymous_16)
FN:129,(anonymous_17)
FN:139,(anonymous_18)
FN:151,(anonymous_19)
FN:180,getInfoCard4
FN:181,(anonymous_21)
FN:183,(anonymous_22)
FN:189,(anonymous_23)
FN:215,getInfoCharts
FN:217,(anonymous_25)
FN:220,(anonymous_26)
FN:379,getInboundOrdersPanel
FN:414,(anonymous_28)
FN:415,(anonymous_29)
FN:417,(anonymous_30)
FN:460,(anonymous_31)
FN:477,(anonymous_32)
FN:486,(anonymous_33)
FNF:34
FNH:0
FNDA:0,groupByArray
FNDA:0,(anonymous_1)
FNDA:0,(anonymous_2)
FNDA:0,getInfoCard1
FNDA:0,(anonymous_4)
FNDA:0,(anonymous_5)
FNDA:0,getInfoCard2
FNDA:0,(anonymous_7)
FNDA:0,(anonymous_8)
FNDA:0,(anonymous_9)
FNDA:0,(anonymous_10)
FNDA:0,(anonymous_11)
FNDA:0,(anonymous_12)
FNDA:0,getInfoCard3
FNDA:0,(anonymous_14)
FNDA:0,(anonymous_15)
FNDA:0,(anonymous_16)
FNDA:0,(anonymous_17)
FNDA:0,(anonymous_18)
FNDA:0,(anonymous_19)
FNDA:0,getInfoCard4
FNDA:0,(anonymous_21)
FNDA:0,(anonymous_22)
FNDA:0,(anonymous_23)
FNDA:0,getInfoCharts
FNDA:0,(anonymous_25)
FNDA:0,(anonymous_26)
FNDA:0,getInboundOrdersPanel
FNDA:0,(anonymous_28)
FNDA:0,(anonymous_29)
FNDA:0,(anonymous_30)
FNDA:0,(anonymous_31)
FNDA:0,(anonymous_32)
FNDA:0,(anonymous_33)
DA:9,0
DA:10,0
DA:11,0
DA:13,0
DA:14,0
DA:16,0
DA:18,0
DA:25,0
DA:27,0
DA:28,0
DA:31,0
DA:33,0
DA:34,0
DA:36,0
DA:45,0
DA:55,0
DA:56,0
DA:59,0
DA:60,0
DA:62,0
DA:63,0
DA:66,0
DA:67,0
DA:68,0
DA:69,0
DA:70,0
DA:73,0
DA:76,0
DA:77,0
DA:78,0
DA:79,0
DA:80,0
DA:83,0
DA:86,0
DA:88,0
DA:90,0
DA:91,0
DA:93,0
DA:102,0
DA:118,0
DA:119,0
DA:122,0
DA:123,0
DA:125,0
DA:126,0
DA:129,0
DA:130,0
DA:131,0
DA:132,0
DA:133,0
DA:136,0
DA:139,0
DA:140,0
DA:141,0
DA:142,0
DA:143,0
DA:146,0
DA:149,0
DA:151,0
DA:153,0
DA:154,0
DA:156,0
DA:165,0
DA:181,0
DA:183,0
DA:184,0
DA:187,0
DA:189,0
DA:191,0
DA:192,0
DA:194,0
DA:203,0
DA:216,0
DA:217,0
DA:219,0
DA:220,0
DA:223,0
DA:224,0
DA:226,0
DA:227,0
DA:228,0
DA:229,0
DA:231,0
DA:232,0
DA:234,0
DA:235,0
DA:238,0
DA:239,0
DA:241,0
DA:242,0
DA:245,0
DA:380,0
DA:382,0
DA:383,0
DA:384,0
DA:385,0
DA:393,0
DA:400,0
DA:404,0
DA:406,0
DA:408,0
DA:410,0
DA:412,0
DA:414,0
DA:415,0
DA:416,0
DA:417,0
DA:421,0
DA:460,0
DA:469,0
DA:470,0
DA:472,0
DA:474,0
DA:475,0
DA:477,0
DA:478,0
DA:481,0
DA:483,0
DA:484,0
DA:486,0
DA:487,0
DA:490,0
DA:492,0
DA:493,0
DA:496,0
DA:583,0
DA:591,0
DA:594,0
DA:595,0
DA:598,0
LF:130
LH:0
BRDA:10,0,0,0
BRDA:10,0,1,0
BRDA:11,1,0,0
BRDA:11,1,1,0
BRDA:13,2,0,0
BRDA:13,2,1,0
BRDA:25,3,0,0
BRDA:25,3,1,0
BRDA:37,4,0,0
BRDA:37,4,1,0
BRDA:38,5,0,0
BRDA:38,5,1,0
BRDA:39,6,0,0
BRDA:39,6,1,0
BRDA:40,7,0,0
BRDA:40,7,1,0
BRDA:41,8,0,0
BRDA:41,8,1,0
BRDA:56,9,0,0
BRDA:56,9,1,0
BRDA:56,9,2,0
BRDA:60,10,0,0
BRDA:60,10,1,0
BRDA:63,11,0,0
BRDA:63,11,1,0
BRDA:69,12,0,0
BRDA:69,12,1,0
BRDA:79,13,0,0
BRDA:79,13,1,0
BRDA:94,14,0,0
BRDA:94,14,1,0
BRDA:95,15,0,0
BRDA:95,15,1,0
BRDA:96,16,0,0
BRDA:96,16,1,0
BRDA:97,17,0,0
BRDA:97,17,1,0
BRDA:98,18,0,0
BRDA:98,18,1,0
BRDA:119,19,0,0
BRDA:119,19,1,0
BRDA:119,19,2,0
BRDA:123,20,0,0
BRDA:123,20,1,0
BRDA:126,21,0,0
BRDA:126,21,1,0
BRDA:132,22,0,0
BRDA:132,22,1,0
BRDA:142,23,0,0
BRDA:142,23,1,0
BRDA:142,24,0,0
BRDA:142,24,1,0
BRDA:157,25,0,0
BRDA:157,25,1,0
BRDA:158,26,0,0
BRDA:158,26,1,0
BRDA:159,27,0,0
BRDA:159,27,1,0
BRDA:160,28,0,0
BRDA:160,28,1,0
BRDA:161,29,0,0
BRDA:161,29,1,0
BRDA:195,30,0,0
BRDA:195,30,1,0
BRDA:196,31,0,0
BRDA:196,31,1,0
BRDA:197,32,0,0
BRDA:197,32,1,0
BRDA:198,33,0,0
BRDA:198,33,1,0
BRDA:199,34,0,0
BRDA:199,34,1,0
BRDA:217,35,0,0
BRDA:217,35,1,0
BRDA:220,36,0,0
BRDA:220,36,1,0
BRDA:384,37,0,0
BRDA:384,37,1,0
BRDA:384,38,0,0
BRDA:384,38,1,0
BRDA:416,39,0,0
BRDA:416,39,1,0
BRDA:444,40,0,0
BRDA:444,40,1,0
BRDA:444,41,0,0
BRDA:444,41,1,0
BRDA:444,41,2,0
BRDA:454,42,0,0
BRDA:454,42,1,0
BRDA:455,43,0,0
BRDA:455,43,1,0
BRDA:456,44,0,0
BRDA:456,44,1,0
BRDA:457,45,0,0
BRDA:457,45,1,0
BRDA:458,46,0,0
BRDA:458,46,1,0
BRDA:459,47,0,0
BRDA:459,47,1,0
BRDA:464,48,0,0
BRDA:464,48,1,0
BRDA:472,49,0,0
BRDA:472,49,1,0
BRDA:472,49,2,0
BRDA:472,49,3,0
BRDA:472,49,4,0
BRDA:500,50,0,0
BRDA:500,50,1,0
BRDA:504,51,0,0
BRDA:504,51,1,0
BRDA:507,52,0,0
BRDA:507,52,1,0
BRDA:512,53,0,0
BRDA:512,53,1,0
BRDA:513,54,0,0
BRDA:513,54,1,0
BRDA:516,55,0,0
BRDA:516,55,1,0
BRDA:532,56,0,0
BRDA:532,56,1,0
BRDA:533,57,0,0
BRDA:533,57,1,0
BRDA:536,58,0,0
BRDA:536,58,1,0
BRDA:537,59,0,0
BRDA:537,59,1,0
BRDA:538,60,0,0
BRDA:538,60,1,0
BRDA:541,61,0,0
BRDA:541,61,1,0
BRDA:542,62,0,0
BRDA:542,62,1,0
BRDA:545,63,0,0
BRDA:545,63,1,0
BRDA:546,64,0,0
BRDA:546,64,1,0
BRDA:547,65,0,0
BRDA:547,65,1,0
BRDA:550,66,0,0
BRDA:550,66,1,0
BRDA:551,67,0,0
BRDA:551,67,1,0
BRDA:552,68,0,0
BRDA:552,68,1,0
BRDA:555,69,0,0
BRDA:555,69,1,0
BRDA:556,70,0,0
BRDA:556,70,1,0
BRDA:557,71,0,0
BRDA:557,71,1,0
BRDA:560,72,0,0
BRDA:560,72,1,0
BRDA:561,73,0,0
BRDA:561,73,1,0
BRDA:562,74,0,0
BRDA:562,74,1,0
BRDA:565,75,0,0
BRDA:565,75,1,0
BRDA:566,76,0,0
BRDA:566,76,1,0
BRDA:567,77,0,0
BRDA:567,77,1,0
BRDA:570,78,0,0
BRDA:570,78,1,0
BRDA:571,79,0,0
BRDA:571,79,1,0
BRDA:574,80,0,0
BRDA:574,80,1,0
BRDA:577,81,0,0
BRDA:577,81,1,0
BRF:170
BRH:0
end_of_record
TN:
SF:server/controllers/inboundPlateChecks.js
FN:5,getPlateCheckOrders
FN:15,(anonymous_1)
FN:55,getInboundPlateCheck
FN:82,createInboundPlateCheck
FN:126,updateInboundPlateCheck
FN:136,(anonymous_5)
FN:161,confirmPlateCheck
FNF:7
FNH:7
FNDA:3,getPlateCheckOrders
FNDA:2,(anonymous_1)
FNDA:2,getInboundPlateCheck
FNDA:2,createInboundPlateCheck
FNDA:2,updateInboundPlateCheck
FNDA:8,(anonymous_5)
FNDA:1,confirmPlateCheck
DA:6,3
DA:8,3
DA:9,3
DA:11,3
DA:15,2
DA:16,2
DA:40,2
DA:44,2
DA:47,1
DA:48,1
DA:51,1
DA:56,2
DA:58,2
DA:60,2
DA:67,1
DA:71,1
DA:74,1
DA:75,1
DA:78,1
DA:92,2
DA:94,2
DA:95,2
DA:110,1
DA:115,1
DA:118,1
DA:119,1
DA:122,1
DA:127,2
DA:129,2
DA:135,2
DA:136,8
DA:139,2
DA:140,2
DA:145,1
DA:150,1
DA:153,1
DA:154,1
DA:157,1
DA:162,1
DA:164,1
DA:166,1
DA:170,1
DA:176,1
DA:180,1
DA:183,0
DA:184,0
DA:187,0
LF:47
LH:44
BRDA:19,0,0,1
BRDA:19,0,1,1
BRDA:23,1,0,1
BRDA:23,1,1,1
BRDA:26,2,0,1
BRDA:26,2,1,1
BRDA:136,3,0,8
BRDA:136,3,1,2
BRF:8
BRH:8
end_of_record
TN:
SF:server/controllers/inboundStorage.js
FN:39,getProductStorageBaptism
FN:58,(anonymous_1)
FN:72,(anonymous_2)
FN:119,(anonymous_3)
FN:179,(anonymous_4)
FN:199,(anonymous_5)
FN:277,(anonymous_6)
FN:323,(anonymous_7)
FN:337,(anonymous_8)
FN:365,(anonymous_9)
FN:371,(anonymous_10)
FN:377,(anonymous_11)
FN:383,(anonymous_12)
FN:389,(anonymous_13)
FN:398,(anonymous_14)
FN:442,confirmStorage
FN:450,getAddresses
FN:476,(anonymous_17)
FN:508,(anonymous_18)
FN:1175,(anonymous_19)
FN:1183,(anonymous_20)
FN:1259,getProductStorageBaptismByEan
FN:1334,(anonymous_22)
FN:1412,(anonymous_23)
FN:1619,syncStorage
FNF:25
FNH:0
FNDA:0,getProductStorageBaptism
FNDA:0,(anonymous_1)
FNDA:0,(anonymous_2)
FNDA:0,(anonymous_3)
FNDA:0,(anonymous_4)
FNDA:0,(anonymous_5)
[...]
TN:
SF:server/source/userFunctions/information.js
FN:3,getUserFunction
FN:18,getAllUserFunctions
FN:32,getOptionsUserFunctions
FN:43,(anonymous_3)
FNF:4
FNH:2
FNDA:2,getUserFunction
FNDA:2,getAllUserFunctions
FNDA:0,getOptionsUserFunctions
FNDA:0,(anonymous_3)
DA:4,2
DA:19,2
DA:29,1
DA:33,0
DA:43,0
DA:44,0
DA:50,0
LF:7
LH:3
BRDA:3,0,0,2
BRDA:18,1,0,2
BRDA:32,2,0,0
BRF:3
BRH:2
end_of_record
TN:
SF:server/source/userFunctions/update.js
FN:6,updateUserFunction
FNF:1
FNH:1
FNDA:2,updateUserFunction
DA:7,2
DA:8,2
DA:21,1
LF:3
LH:3
BRF:0
BRH:0
end_of_record
TN:
SF:server/source/userIndirectTasks/create.js
FN:6,createUserIndirectTask
FNF:1
FNH:1
FNDA:2,createUserIndirectTask
DA:7,2
DA:8,2
DA:16,1
DA:18,1
DA:19,1
LF:5
LH:5
BRF:0
BRH:0
end_of_record
TN:
SF:server/source/userIndirectTasks/delete.js
FN:3,deleteUserIndirectTasks
FNF:1
FNH:1
FNDA:2,deleteUserIndirectTasks
DA:4,2
LF:1
LH:1
BRF:0
BRH:0
end_of_record
TN:
SF:server/source/userIndirectTasks/information.js
FN:4,getUserIndirectTask
FN:11,getUserAllIndirectTasks
FNF:2
FNH:2
FNDA:2,getUserIndirectTask
FNDA:2,getUserAllIndirectTasks
DA:5,2
DA:12,2
DA:14,2
DA:30,1
LF:4
LH:4
BRDA:4,0,0,2
BRDA:11,1,0,2
BRF:2
BRH:2
end_of_record
TN:
SF:server/source/userIndirectTasks/update.js
FN:6,updateUserIndirectTasks
FNF:1
FNH:1
FNDA:2,updateUserIndirectTasks
DA:7,2
DA:9,2
DA:20,1
DA:22,1
LF:4
LH:4
BRF:0
BRH:0
end_of_record
TN:
SF:server/source/userNotification/create.js
FN:6,createUserNotification
FNF:1
FNH:1
FNDA:1,createUserNotification
DA:7,1
DA:8,1
DA:23,0
DA:25,1
LF:4
LH:3
BRDA:6,0,0,1
BRF:1
BRH:1
end_of_record
TN:
SF:server/source/userNotification/delete.js
FN:3,deleteUserNotification
FNF:1
FNH:1
FNDA:1,deleteUserNotification
DA:4,1
LF:1
LH:1
BRDA:3,0,0,1
BRF:1
BRH:1
end_of_record
TN:
SF:server/source/userNotification/information.js
FN:5,getUserNotification
FN:38,getAllUserNotifications
FNF:2
FNH:2
FNDA:2,getUserNotification
FNDA:2,getAllUserNotifications
DA:6,2
DA:39,2
DA:68,1
LF:3
LH:3
BRDA:5,0,0,2
BRDA:38,1,0,2
BRDA:38,2,0,2
BRF:3
BRH:3
end_of_record
TN:
SF:server/source/userNotification/update.js
FN:6,updateUserNotification
FNF:1
FNH:1
FNDA:1,updateUserNotification
DA:7,1
DA:8,1
DA:24,0
DA:26,1
LF:4
LH:3
BRF:0
BRH:0
end_of_record
TN:
SF:server/source/userNotificationAttachment/create.js
FN:6,createUserNotificationAttachment
FNF:1
FNH:1
FNDA:1,createUserNotificationAttachment
DA:10,1
DA:12,1
DA:23,0
DA:25,1
LF:4
LH:3
BRDA:8,0,0,1
BRF:1
BRH:1
end_of_record
TN:
SF:server/source/userNotificationAttachment/delete.js
FN:3,deleteUserNotificationAttachment
FNF:1
FNH:1
FNDA:1,deleteUserNotificationAttachment
DA:7,1
LF:1
LH:1
BRDA:5,0,0,1
BRF:1
BRH:1
end_of_record
TN:
SF:server/source/userNotificationAttachment/information.js
FN:5,getUserNotificationAttachment
FN:28,getAllUserNotificationAttachments
FNF:2
FNH:2
FNDA:2,getUserNotificationAttachment
FNDA:2,getAllUserNotificationAttachments
DA:6,2
DA:30,2
DA:50,1
LF:3
LH:3
BRDA:5,0,0,2
BRDA:28,1,0,2
BRDA:28,2,0,2
BRF:3
BRH:3
end_of_record
TN:
SF:server/source/userNotificationAttachment/update.js
FN:6,updateUserNotificationAttachment
FNF:1
FNH:1
FNDA:2,updateUserNotificationAttachment
DA:10,2
DA:12,2
DA:24,1
DA:26,1
LF:4
LH:4
BRF:0
BRH:0
end_of_record
TN:
SF:server/source/userPrinters/create.js
FN:6,createUserPrinter
FNF:1
FNH:1
FNDA:2,createUserPrinter
DA:7,2
DA:8,2
DA:16,1
DA:18,1
DA:19,1
LF:5
LH:5
BRF:0
BRH:0
end_of_record
TN:
SF:server/source/userPrinters/delete.js
FN:3,deleteUserPrinter
FNF:1
FNH:1
FNDA:2,deleteUserPrinter
DA:4,2
LF:1
LH:1
BRF:0
BRH:0
end_of_record
TN:
SF:server/source/userPrinters/information.js
FN:6,getUserPrinterOptions
FN:14,(anonymous_1)
FN:19,(anonymous_2)
FN:32,getUsersPrinter
FNF:4
FNH:0
FNDA:0,getUserPrinterOptions
FNDA:0,(anonymous_1)
FNDA:0,(anonymous_2)
FNDA:0,getUsersPrinter
DA:7,0
DA:8,0
DA:13,0
DA:15,0
DA:19,0
DA:20,0
DA:26,0
DA:28,0
DA:33,0
DA:34,0
DA:49,0
DA:51,0
LF:12
LH:0
BRDA:6,0,0,0
BRDA:32,1,0,0
BRF:2
BRH:0
end_of_record
TN:
SF:server/source/userTasks/create.js
FN:6,createUserTask
FNF:1
FNH:1
FNDA:2,createUserTask
DA:7,2
DA:8,2
DA:28,1
DA:30,1
DA:31,1
LF:5
LH:5
BRDA:14,0,0,2
BRDA:14,0,1,1
BRDA:18,1,0,2
BRDA:18,1,1,2
BRDA:19,2,0,2
BRDA:19,2,1,1
BRDA:20,3,0,2
BRDA:20,3,1,1
BRDA:21,4,0,2
BRDA:21,4,1,1
BRDA:22,5,0,2
BRDA:22,5,1,1
BRF:12
BRH:12
end_of_record
TN:
SF:server/source/userTasks/information.js
FN:3,getUserTask
FN:20,getAllUserTasks
FNF:2
FNH:2
FNDA:2,getUserTask
FNDA:2,getAllUserTasks
DA:4,2
DA:21,2
DA:23,2
DA:37,1
LF:4
LH:4
BRDA:3,0,0,2
BRDA:20,1,0,2
BRF:2
BRH:2
end_of_record
TN:
SF:server/source/userTasks/update.js
FN:6,updateUserTask
FNF:1
FNH:1
FNDA:2,updateUserTask
DA:7,2
DA:8,2
DA:18,1
DA:20,1
DA:21,1
LF:5
LH:5
BRF:0
BRH:0
end_of_record
TN:
SF:server/source/users/create.js
FN:7,createUser
FNF:1
FNH:1
FNDA:1,createUser
DA:8,1
DA:9,1
DA:10,1
DA:39,0
DA:41,1
LF:5
LH:4
BRDA:7,0,0,1
BRDA:18,1,0,1
BRDA:18,1,1,1
BRF:3
BRH:3
end_of_record
TN:
SF:server/source/users/delete.js
FN:3,deleteUser
FN:9,deleteUserByLogin
FN:15,deleteAllUsers
FNF:3
FNH:1
FNDA:2,deleteUser
FNDA:0,deleteUserByLogin
FNDA:0,deleteAllUsers
DA:4,2
DA:10,0
DA:16,0
LF:3
LH:1
BRF:0
BRH:0
end_of_record
TN:
SF:server/source/users/find.js
FN:4,findUserByLogin
FNF:1
FNH:1
FNDA:2,findUserByLogin
DA:5,2
DA:6,2
DA:9,1
DA:11,1
LF:4
LH:4
BRF:0
BRH:0
end_of_record
TN:
SF:server/source/users/import.js
FN:11,validUser
FN:129,importUsers
FNF:2
FNH:0
FNDA:0,validUser
FNDA:0,importUsers
DA:12,0
DA:13,0
DA:14,0
DA:16,0
DA:17,0
DA:18,0
DA:19,0
DA:22,0
DA:23,0
DA:24,0
DA:25,0
DA:27,0
DA:31,0
DA:32,0
DA:33,0
DA:34,0
DA:38,0
DA:39,0
DA:40,0
DA:41,0
DA:44,0
DA:45,0
DA:46,0
DA:47,0
DA:48,0
DA:49,0
DA:50,0
DA:51,0
DA:54,0
DA:55,0
DA:56,0
DA:57,0
DA:60,0
DA:64,0
DA:65,0
DA:66,0
DA:74,0
DA:75,0
DA:76,0
DA:77,0
DA:80,0
DA:81,0
DA:85,0
DA:86,0
DA:87,0
DA:88,0
DA:95,0
DA:96,0
DA:100,0
DA:101,0
DA:102,0
DA:103,0
DA:110,0
DA:111,0
DA:115,0
DA:116,0
DA:117,0
DA:118,0
DA:122,0
DA:130,0
DA:132,0
DA:133,0
DA:135,0
DA:136,0
DA:142,0
DA:168,0
DA:172,0
LF:67
LH:0
BRDA:16,0,0,0
BRDA:16,0,1,0
BRDA:16,1,0,0
BRDA:16,1,1,0
BRDA:22,2,0,0
BRDA:22,2,1,0
BRDA:31,3,0,0
BRDA:31,3,1,0
BRDA:38,4,0,0
BRDA:38,4,1,0
BRDA:44,5,0,0
BRDA:44,5,1,0
BRDA:48,6,0,0
BRDA:48,6,1,0
BRDA:54,7,0,0
BRDA:54,7,1,0
BRDA:60,8,0,0
BRDA:60,8,1,0
BRDA:61,9,0,0
BRDA:61,9,1,0
BRDA:74,10,0,0
BRDA:74,10,1,0
BRDA:80,11,0,0
BRDA:80,11,1,0
BRDA:85,12,0,0
BRDA:85,12,1,0
BRDA:95,13,0,0
BRDA:95,13,1,0
BRDA:100,14,0,0
BRDA:100,14,1,0
BRDA:110,15,0,0
BRDA:110,15,1,0
BRDA:115,16,0,0
BRDA:115,16,1,0
BRDA:135,17,0,0
BRDA:135,17,1,0
BRDA:149,18,0,0
BRDA:149,18,1,0
BRF:38
BRH:0
end_of_record
TN:
SF:server/source/users/information.js
FN:8,getUser
FN:217,getAllUsers
FN:264,getUsersList
FN:275,(anonymous_3)
FN:316,(anonymous_4)
FN:356,getOptionsUsers
FN:366,(anonymous_6)
FN:376,getUserPermissions
FNF:8
FNH:2
FNDA:2,getUser
FNDA:2,getAllUsers
FNDA:0,getUsersList
FNDA:0,(anonymous_3)
FNDA:0,(anonymous_4)
FNDA:0,getOptionsUsers
FNDA:0,(anonymous_6)
FNDA:0,getUserPermissions
DA:6,55
DA:9,2
DA:218,2
DA:261,1
DA:271,0
DA:272,0
DA:276,0
DA:277,0
DA:279,0
DA:280,0
DA:289,0
DA:291,0
DA:304,0
DA:307,0
DA:314,0
DA:317,0
DA:319,0
DA:321,0
DA:327,0
DA:353,0
DA:357,0
DA:366,0
DA:367,0
DA:373,0
DA:377,0
LF:25
LH:4
BRDA:8,0,0,2
BRDA:8,1,0,2
BRDA:120,2,0,0
BRDA:120,2,1,2
BRDA:217,3,0,2
BRDA:217,4,0,2
BRDA:265,5,0,0
BRDA:266,6,0,0
BRDA:267,7,0,0
BRDA:268,8,0,0
BRDA:269,9,0,0
BRDA:273,10,0,0
BRDA:273,10,1,0
BRDA:277,11,0,0
BRDA:277,11,1,0
BRDA:314,12,0,0
BRDA:314,12,1,0
BRDA:317,13,0,0
BRDA:317,13,1,0
BRDA:319,14,0,0
BRDA:319,14,1,0
BRDA:321,15,0,0
BRDA:321,15,1,0
BRDA:356,16,0,0
BRDA:376,17,0,0
BRF:25
BRH:5
end_of_record
TN:
SF:server/source/users/update.js
FN:7,updateUser
FN:40,updateStatus
FN:56,updatePassword
FN:72,updateValidPassword
FN:88,updateAttempt
FNF:5
FNH:1
FNDA:2,updateUser
FNDA:0,updateStatus
FNDA:0,updatePassword
FNDA:0,updateValidPassword
FNDA:0,updateAttempt
DA:8,2
DA:9,2
DA:34,1
DA:36,1
DA:41,0
DA:42,0
DA:52,0
DA:57,0
DA:58,0
DA:68,0
DA:73,0
DA:74,0
DA:75,0
DA:84,0
DA:89,0
DA:90,0
DA:100,0
LF:17
LH:4
BRF:0
BRH:0
end_of_record
TN:
SF:server/source/usersFilters/create.js
FN:6,createUserFilter
FNF:1
FNH:1
FNDA:2,createUserFilter
DA:7,2
DA:8,2
DA:19,1
DA:21,1
LF:4
LH:4
BRDA:14,0,0,1
BRDA:14,0,1,1
BRF:2
BRH:2
end_of_record
TN:
SF:server/source/usersFilters/delete.js
FN:3,deleteUsersFilters
FNF:1
FNH:1
FNDA:2,deleteUsersFilters
DA:4,2
LF:1
LH:1
BRF:0
BRH:0
end_of_record
TN:
SF:server/source/usersFilters/information.js
FN:5,getOptionsUsersFilters
FN:24,(anonymous_1)
FN:53,getFilter
FNF:3
FNH:1
FNDA:1,getOptionsUsersFilters
FNDA:0,(anonymous_1)
FNDA:0,getFilter
DA:6,1
DA:24,0
DA:25,0
DA:34,0
DA:35,0
DA:36,0
DA:37,0
DA:38,0
DA:39,0
DA:42,0
DA:46,0
DA:47,0
DA:48,0
DA:50,0
DA:54,0
LF:15
LH:1
BRDA:5,0,0,0
BRDA:5,1,0,1
BRDA:34,2,0,0
BRDA:34,2,1,0
BRDA:34,3,0,0
BRDA:34,3,1,0
BRDA:37,4,0,0
BRDA:37,4,1,0
BRDA:39,5,0,0
BRDA:39,5,1,0
BRDA:53,6,0,0
BRDA:53,7,0,0
BRF:12
BRH:1
end_of_record
TN:
SF:server/source/usersFilters/update.js
FN:6,updateUsersFilters
FNF:1
FNH:1
FNDA:2,updateUsersFilters
DA:7,2
DA:8,2
DA:18,1
DA:20,1
LF:4
LH:4
BRDA:6,0,0,0
BRDA:14,1,0,1
BRDA:14,1,1,1
BRF:3
BRH:2
end_of_record
TN:
SF:server/source/usersRanges/create.js
FN:6,createUsersRange
FNF:1
FNH:1
FNDA:2,createUsersRange
DA:7,2
DA:8,2
DA:16,1
DA:18,1
DA:19,1
LF:5
LH:5
BRF:0
BRH:0
end_of_record
TN:
SF:server/source/usersRanges/delete.js
FN:3,deleteUsersRanges
FNF:1
FNH:1
FNDA:2,deleteUsersRanges
DA:4,2
LF:1
LH:1
BRF:0
BRH:0
end_of_record
TN:
SF:server/source/usersRanges/import.js
FN:10,validCreateBulkImportUsersRange
FN:51,validDeleteBulkImportUsersRange
FN:85,bulkImportUsersRange
FNF:3
FNH:0
FNDA:0,validCreateBulkImportUsersRange
FNDA:0,validDeleteBulkImportUsersRange
FNDA:0,bulkImportUsersRange
DA:11,0
DA:12,0
DA:13,0
DA:15,0
DA:16,0
DA:17,0
DA:18,0
DA:19,0
DA:20,0
DA:21,0
DA:22,0
DA:24,0
DA:27,0
DA:28,0
DA:32,0
DA:33,0
DA:34,0
DA:35,0
DA:38,0
DA:39,0
DA:40,0
DA:44,0
DA:52,0
DA:53,0
DA:54,0
DA:56,0
DA:57,0
DA:58,0
DA:59,0
DA:60,0
DA:61,0
DA:62,0
DA:63,0
DA:65,0
DA:69,0
DA:70,0
DA:71,0
DA:72,0
DA:78,0
DA:86,0
DA:88,0
DA:89,0
DA:90,0
DA:91,0
DA:97,0
DA:98,0
DA:99,0
DA:104,0
DA:105,0
DA:109,0
DA:110,0
DA:115,0
DA:116,0
DA:121,0
DA:127,0
DA:129,0
DA:130,0
DA:134,0
DA:135,0
DA:140,0
DA:141,0
DA:146,0
DA:150,0
DA:151,0
DA:154,0
DA:165,0
DA:167,0
LF:67
LH:0
BRDA:15,0,0,0
BRDA:15,0,1,0
BRDA:19,1,0,0
BRDA:19,1,1,0
BRDA:27,2,0,0
BRDA:27,2,1,0
BRDA:32,3,0,0
BRDA:32,3,1,0
BRDA:56,4,0,0
BRDA:56,4,1,0
BRDA:60,5,0,0
BRDA:60,5,1,0
BRDA:69,6,0,0
BRDA:69,6,1,0
BRDA:86,7,0,0
BRDA:86,7,1,0
BRDA:90,8,0,0
BRDA:90,8,1,0
BRDA:98,9,0,0
BRDA:98,9,1,0
BRDA:104,10,0,0
BRDA:104,10,1,0
BRDA:104,11,0,0
BRDA:104,11,1,0
BRDA:109,12,0,0
BRDA:109,12,1,0
BRDA:115,13,0,0
BRDA:115,13,1,0
BRDA:129,14,0,0
BRDA:129,14,1,0
BRDA:129,15,0,0
BRDA:129,15,1,0
BRDA:134,16,0,0
BRDA:134,16,1,0
BRDA:140,17,0,0
BRDA:140,17,1,0
BRF:36
BRH:0
end_of_record
TN:
SF:server/source/usersRanges/information.js
FN:4,getUsersRanges
FN:11,getAllUsersRanges
FN:31,getUserRangePermissions
FN:51,getUsersRangesList
FN:66,getRangeByUser
FNF:5
FNH:0
FNDA:0,getUsersRanges
FNDA:0,getAllUsersRanges
FNDA:0,getUserRangePermissions
FNDA:0,getUsersRangesList
FNDA:0,getRangeByUser
DA:5,0
DA:12,0
DA:28,0
DA:32,0
DA:42,0
DA:44,0
DA:45,0
DA:48,0
DA:52,0
DA:67,0
LF:10
LH:0
BRDA:4,0,0,0
BRDA:11,1,0,0
BRDA:31,2,0,0
BRDA:51,3,0,0
BRDA:51,4,0,0
BRDA:66,5,0,0
BRDA:66,6,0,0
BRF:7
BRH:0
end_of_record
TN:
SF:server/source/usersRanges/update.js
FN:6,updateUsersRanges
FNF:1
FNH:1
FNDA:2,updateUsersRanges
DA:7,2
DA:8,2
DA:19,1
DA:21,1
DA:22,1
LF:5
LH:5
BRF:0
BRH:0
end_of_record
TN:
SF:server/source/warehouses/create.js
FN:6,createWarehouse
FNF:1
FNH:1
FNDA:2,createWarehouse
DA:7,2
DA:8,2
DA:18,1
DA:20,1
DA:21,1
LF:5
LH:5
BRF:0
BRH:0
end_of_record
TN:
SF:server/source/warehouses/delete.js
FN:3,deleteWarehouse
FNF:1
FNH:1
FNDA:2,deleteWarehouse
DA:4,2
LF:1
LH:1
BRF:0
BRH:0
end_of_record
TN:
SF:server/source/warehouses/information.js
FN:5,getWarehouse
FN:21,getAllWarehouses
FN:40,getOptionsWarehouses
FN:50,(anonymous_3)
FNF:4
FNH:2
FNDA:2,getWarehouse
FNDA:2,getAllWarehouses
FNDA:0,getOptionsWarehouses
FNDA:0,(anonymous_3)
DA:6,2
DA:22,2
DA:24,2
DA:37,1
DA:41,0
DA:50,0
DA:51,0
DA:58,0
LF:8
LH:4
BRDA:5,0,0,2
BRDA:21,1,0,2
BRDA:40,2,0,0
BRF:3
BRH:2
end_of_record
TN:
SF:server/source/warehouses/update.js
FN:6,updateWarehouse
FNF:1
FNH:1
FNDA:2,updateWarehouse
DA:7,2
DA:8,2
DA:20,1
DA:22,1
DA:23,1
LF:5
LH:5
BRF:0
BRH:0
end_of_record
TN:
SF:server/source/waybills/create.js
FN:7,createWaybill
FN:34,createWaybillDocument
FNF:2
FNH:2
FNDA:1,createWaybill
FNDA:1,createWaybillDocument
DA:8,1
DA:9,1
DA:12,1
DA:28,0
DA:30,1
DA:35,1
DA:36,1
DA:49,0
DA:51,1
LF:9
LH:7
BRDA:7,0,0,1
BRDA:14,1,0,0
BRDA:14,1,1,1
BRDA:34,2,0,1
BRF:4
BRH:3
end_of_record
TN:
SF:server/source/waybills/delete.js
FN:4,deleteWaybill
FN:10,deleteWaybillDocument
FNF:2
FNH:2
FNDA:1,deleteWaybill
FNDA:1,deleteWaybillDocument
DA:5,1
DA:11,1
LF:2
LH:2
BRF:0
BRH:0
end_of_record
TN:
SF:server/source/waybills/information.js
FN:5,getWaybills
FN:58,getWaybill
FN:105,getWaybillDocuments
FNF:3
FNH:3
FNDA:2,getWaybills
FNDA:2,getWaybill
FNDA:2,getWaybillDocuments
DA:6,2
DA:59,2
DA:106,2
LF:3
LH:3
BRDA:5,0,0,2
BRDA:58,1,0,2
BRDA:105,2,0,2
BRF:3
BRH:3
end_of_record
TN:
SF:server/source/waybills/update.js
FN:6,updateWaybill
FNF:1
FNH:1
FNDA:1,updateWaybill
DA:7,1
DA:8,1
DA:21,0
DA:22,0
LF:4
LH:2
BRDA:6,0,0,1
BRF:1
BRH:1
end_of_record
TN:
SF:server/source/workShifts/create.js
FN:6,createWorkShift
FNF:1
FNH:1
FNDA:2,createWorkShift
DA:7,2
DA:8,2
DA:18,1
DA:20,1
LF:4
LH:4
BRF:0
BRH:0
end_of_record
TN:
SF:server/source/workShifts/delete.js
FN:3,deleteWorkShift
FNF:1
FNH:1
FNDA:2,deleteWorkShift
DA:4,2
LF:1
LH:1
BRF:0
BRH:0
end_of_record
TN:
SF:server/source/workShifts/information.js
FN:3,getWorkShift
FN:18,getAllWorkShifts
FN:32,getOptionsWorkShifts
FN:43,(anonymous_3)
FNF:4
FNH:4
FNDA:2,getWorkShift
FNDA:2,getAllWorkShifts
FNDA:2,getOptionsWorkShifts
FNDA:1,(anonymous_3)
DA:4,2
DA:19,2
DA:29,1
DA:33,2
DA:43,1
DA:44,1
DA:50,1
LF:7
LH:7
BRDA:3,0,0,2
BRDA:18,1,0,2
BRDA:32,2,0,2
BRF:3
BRH:3
end_of_record
TN:
SF:server/source/workShifts/update.js
FN:6,updateWorkShift
FNF:1
FNH:1
FNDA:2,updateWorkShift
DA:7,2
DA:8,2
DA:20,1
DA:22,1
DA:23,1
LF:5
LH:5
BRF:0
BRH:0
end_of_record
TN:
SF:server/web_socket/socket.js
FN:6,(anonymous_0)
FN:12,(anonymous_1)
FNF:2
FNH:0
FNDA:0,(anonymous_0)
FNDA:0,(anonymous_1)
DA:6,0
DA:7,0
DA:10,0
DA:12,0
DA:13,0
DA:14,0
DA:15,0
DA:18,0
DA:19,0
DA:21,0
LF:10
LH:0
BRDA:13,0,0,0
BRDA:13,0,1,0
BRDA:14,1,0,0
BRDA:14,1,1,0
BRF:4
BRH:0
end_of_record
TN:
SF:server/web_socket/agents/agents.js
FN:26,(anonymous_0)
FN:36,(anonymous_1)
FN:41,(anonymous_2)
FN:48,(anonymous_3)
FN:49,(anonymous_4)
FN:50,(anonymous_5)
FN:53,(anonymous_6)
FN:56,(anonymous_7)
FN:67,(anonymous_8)
FN:82,(anonymous_9)
FN:95,(anonymous_10)
FN:99,(anonymous_11)
FN:105,(anonymous_12)
FN:118,(anonymous_13)
FN:124,(anonymous_14)
FN:137,(anonymous_15)
FN:140,(anonymous_16)
FN:158,(anonymous_17)
FN:167,(anonymous_18)
FN:171,(anonymous_19)
FN:184,(anonymous_20)
FN:223,(anonymous_21)
FN:233,(anonymous_22)
FN:253,(anonymous_23)
FNF:24
FNH:0
FNDA:0,(anonymous_0)
FNDA:0,(anonymous_1)
FNDA:0,(anonymous_2)
FNDA:0,(anonymous_3)
FNDA:0,(anonymous_4)
FNDA:0,(anonymous_5)
FNDA:0,(anonymous_6)
FNDA:0,(anonymous_7)
FNDA:0,(anonymous_8)
FNDA:0,(anonymous_9)
FNDA:0,(anonymous_10)
FNDA:0,(anonymous_11)
FNDA:0,(anonymous_12)
FNDA:0,(anonymous_13)
FNDA:0,(anonymous_14)
FNDA:0,(anonymous_15)
FNDA:0,(anonymous_16)
FNDA:0,(anonymous_17)
FNDA:0,(anonymous_18)
FNDA:0,(anonymous_19)
FNDA:0,(anonymous_20)
FNDA:0,(anonymous_21)
FNDA:0,(anonymous_22)
FNDA:0,(anonymous_23)
DA:9,49
DA:15,49
DA:17,49
DA:22,49
DA:23,49
DA:26,49
DA:27,0
DA:28,0
DA:30,0
DA:33,0
DA:36,49
DA:37,0
DA:38,0
DA:40,0
DA:41,0
DA:45,0
DA:48,49
DA:49,0
DA:50,0
DA:53,49
DA:56,49
DA:57,0
DA:58,0
DA:60,0
DA:67,0
DA:68,0
DA:69,0
DA:73,0
DA:75,0
DA:78,0
DA:82,49
DA:83,0
DA:84,0
DA:86,0
DA:87,0
DA:88,0
DA:91,0
DA:95,49
DA:96,0
DA:97,0
DA:99,0
DA:101,0
DA:103,0
DA:107,0
DA:109,0
DA:110,0
DA:112,0
DA:118,49
DA:119,0
DA:120,0
DA:121,0
DA:123,0
DA:124,0
DA:127,0
DA:130,0
DA:133,0
DA:137,49
DA:138,0
DA:139,0
DA:140,0
DA:141,0
DA:142,0
DA:145,0
DA:147,0
DA:151,0
DA:154,0
DA:158,49
DA:159,0
DA:162,0
DA:167,0
DA:168,0
DA:171,0
DA:172,0
DA:174,0
DA:175,0
DA:177,0
DA:180,0
DA:181,0
DA:184,0
DA:185,0
DA:186,0
DA:187,0
DA:190,0
DA:194,0
DA:195,0
DA:201,0
DA:207,0
DA:208,0
DA:209,0
DA:211,0
DA:214,0
DA:215,0
DA:223,0
DA:224,0
DA:225,0
DA:233,0
DA:234,0
DA:235,0
DA:236,0
DA:244,0
DA:249,0
DA:253,0
DA:254,0
DA:255,0
DA:256,0
DA:259,0
DA:264,0
DA:267,0
DA:270,0
DA:274,0
LF:110
LH:15
BRDA:27,0,0,0
BRDA:27,0,1,0
BRDA:37,1,0,0
BRDA:37,1,1,0
BRDA:41,2,0,0
BRDA:41,2,1,0
BRDA:48,3,0,0
BRDA:68,4,0,0
BRDA:68,4,1,0
BRDA:82,5,0,0
BRDA:86,6,0,0
BRDA:86,6,1,0
BRDA:87,7,0,0
BRDA:87,7,1,0
BRDA:87,8,0,0
BRDA:87,8,1,0
BRDA:96,9,0,0
BRDA:96,9,1,0
BRDA:109,10,0,0
BRDA:109,10,1,0
BRDA:120,11,0,0
BRDA:120,11,1,0
BRDA:124,12,0,0
BRDA:124,12,1,0
BRDA:127,13,0,0
BRDA:127,13,1,0
BRDA:141,14,0,0
BRDA:141,14,1,0
BRDA:174,15,0,0
BRDA:174,15,1,0
BRDA:174,16,0,0
BRDA:174,16,1,0
BRDA:175,17,0,0
BRDA:175,17,1,0
BRDA:177,18,0,0
BRDA:177,18,1,0
BRDA:180,19,0,0
BRDA:180,19,1,0
BRDA:187,20,0,0
BRDA:187,20,1,0
BRDA:190,21,0,0
BRDA:190,21,1,0
BRDA:190,21,2,0
BRDA:194,22,0,0
BRDA:194,22,1,0
BRDA:202,23,0,0
BRDA:202,23,1,0
BRDA:202,24,0,0
BRDA:202,24,1,0
BRDA:207,25,0,0
BRDA:207,25,1,0
BRDA:224,26,0,0
BRDA:224,26,1,0
BRDA:227,27,0,0
BRDA:227,27,1,0
BRDA:227,27,2,0
BRDA:227,27,3,0
BRDA:235,28,0,0
BRDA:235,28,1,0
BRDA:238,29,0,0
BRDA:238,29,1,0
BRDA:238,29,2,0
BRDA:238,29,3,0
BRDA:255,30,0,0
BRDA:255,30,1,0
BRF:65
BRH:0
end_of_record
TN:
SF:server/web_socket/agents/client/agent.js
FN:15,(anonymous_0)
FN:17,(anonymous_1)
FN:33,(anonymous_2)
FN:52,(anonymous_3)
FN:59,(anonymous_4)
FN:61,(anonymous_5)
FN:62,(anonymous_6)
FN:78,(anonymous_7)
FN:93,(anonymous_8)
FN:97,(anonymous_9)
FN:101,(anonymous_10)
FN:105,(anonymous_11)
FNF:12
FNH:0
FNDA:0,(anonymous_0)
FNDA:0,(anonymous_1)
FNDA:0,(anonymous_2)
FNDA:0,(anonymous_3)
FNDA:0,(anonymous_4)
FNDA:0,(anonymous_5)
FNDA:0,(anonymous_6)
FNDA:0,(anonymous_7)
FNDA:0,(anonymous_8)
FNDA:0,(anonymous_9)
FNDA:0,(anonymous_10)
FNDA:0,(anonymous_11)
DA:4,0
DA:5,0
DA:6,0
DA:7,0
DA:8,0
DA:10,0
DA:11,0
DA:13,0
DA:15,0
DA:16,0
DA:18,0
DA:23,0
DA:26,0
DA:33,0
DA:34,0
DA:35,0
DA:36,0
DA:38,0
DA:43,0
DA:44,0
DA:45,0
DA:47,0
DA:48,0
DA:49,0
DA:52,0
DA:54,0
DA:57,0
DA:58,0
DA:59,0
DA:61,0
DA:62,0
DA:65,0
DA:66,0
DA:68,0
DA:74,0
DA:78,0
DA:79,0
DA:91,0
DA:93,0
DA:94,0
DA:97,0
DA:98,0
DA:101,0
DA:102,0
DA:105,0
DA:106,0
DA:110,0
LF:47
LH:0
BRDA:18,0,0,0
BRDA:18,0,1,0
BRDA:35,1,0,0
BRDA:35,1,1,0
BRDA:35,2,0,0
BRDA:35,2,1,0
BRDA:47,3,0,0
BRDA:47,3,1,0
BRDA:48,4,0,0
BRDA:48,4,1,0
BRDA:49,5,0,0
BRDA:49,5,1,0
BRDA:61,6,0,0
BRDA:61,6,1,0
BRF:14
BRH:0
end_of_record
TN:
SF:server/web_socket/agents/client/agentPrinter.js
FN:15,(anonymous_0)
FN:21,(anonymous_1)
FN:23,(anonymous_2)
FN:28,(anonymous_3)
FN:29,(anonymous_4)
FN:39,(anonymous_5)
FN:42,(anonymous_6)
FN:43,(anonymous_7)
FN:56,printZPL
FN:57,(anonymous_9)
FN:61,(anonymous_10)
FN:65,(anonymous_11)
FN:76,(anonymous_12)
FN:76,(anonymous_13)
FN:93,(anonymous_14)
FNF:15
FNH:0
FNDA:0,(anonymous_0)
FNDA:0,(anonymous_1)
FNDA:0,(anonymous_2)
FNDA:0,(anonymous_3)
FNDA:0,(anonymous_4)
FNDA:0,(anonymous_5)
FNDA:0,(anonymous_6)
FNDA:0,(anonymous_7)
FNDA:0,printZPL
FNDA:0,(anonymous_9)
FNDA:0,(anonymous_10)
FNDA:0,(anonymous_11)
FNDA:0,(anonymous_12)
FNDA:0,(anonymous_13)
FNDA:0,(anonymous_14)
DA:5,0
DA:6,0
DA:7,0
DA:9,0
DA:15,0
DA:16,0
DA:18,0
DA:19,0
DA:21,0
DA:22,0
DA:24,0
DA:28,0
DA:29,0
DA:30,0
DA:33,0
DA:34,0
DA:39,0
DA:42,0
DA:43,0
DA:45,0
DA:46,0
DA:47,0
DA:49,0
DA:50,0
DA:53,0
DA:57,0
DA:58,0
DA:61,0
DA:62,0
DA:64,0
DA:65,0
DA:66,0
DA:67,0
DA:69,0
DA:76,0
DA:77,0
DA:82,0
DA:83,0
DA:84,0
DA:86,0
DA:90,0
DA:93,0
DA:94,0
DA:96,0
DA:97,0
DA:100,0
LF:46
LH:0
BRDA:24,0,0,0
BRDA:24,0,1,0
BRDA:40,1,0,0
BRDA:41,2,0,0
BRDA:42,3,0,0
BRDA:43,4,0,0
BRDA:46,5,0,0
BRDA:46,5,1,0
BRDA:56,6,0,0
BRDA:66,7,0,0
BRDA:66,7,1,0
BRDA:76,8,0,0
BRDA:76,9,0,0
BRDA:86,10,0,0
BRDA:86,10,1,0
BRF:15
BRH:0
end_of_record
